<?xml version="1.0" encoding="UTF-8"?>
<coverage generated="1735835002426" clover="3.2.0">
  <project timestamp="1735835002426" name="All files">
    <metrics statements="221" coveredstatements="210" conditionals="121" coveredconditionals="106" methods="40" coveredmethods="38" elements="382" coveredelements="354" complexity="0" loc="221" ncloc="221" packages="1" files="2" classes="2"/>
    <file name="main.js" path="G:\GitHub\order-summary-frontend-mentor\js\main.js">
      <metrics statements="191" coveredstatements="180" conditionals="102" coveredconditionals="87" methods="27" coveredmethods="25"/>
      <line num="15" count="89" type="stmt"/>
      <line num="16" count="89" type="stmt"/>
      <line num="17" count="89" type="stmt"/>
      <line num="18" count="89" type="stmt"/>
      <line num="19" count="89" type="stmt"/>
      <line num="20" count="89" type="stmt"/>
      <line num="21" count="89" type="stmt"/>
      <line num="23" count="89" type="stmt"/>
      <line num="40" count="4" type="stmt"/>
      <line num="41" count="4" type="stmt"/>
      <line num="42" count="4" type="stmt"/>
      <line num="44" count="4" type="stmt"/>
      <line num="54" count="3" type="stmt"/>
      <line num="55" count="3" type="stmt"/>
      <line num="56" count="3" type="stmt"/>
      <line num="57" count="3" type="stmt"/>
      <line num="58" count="3" type="stmt"/>
      <line num="59" count="3" type="stmt"/>
      <line num="63" count="3" type="stmt"/>
      <line num="64" count="3" type="stmt"/>
      <line num="66" count="3" type="stmt"/>
      <line num="68" count="3" type="cond" truecount="1" falsecount="1"/>
      <line num="69" count="0" type="stmt"/>
      <line num="72" count="3" type="stmt"/>
      <line num="80" count="13" type="cond" truecount="2" falsecount="0"/>
      <line num="84" count="3" type="stmt"/>
      <line num="85" count="10" type="cond" truecount="2" falsecount="0"/>
      <line num="89" count="3" type="stmt"/>
      <line num="91" count="7" type="stmt"/>
      <line num="94" count="13" type="stmt"/>
      <line num="95" count="49" type="cond" truecount="2" falsecount="0"/>
      <line num="104" count="21" type="stmt"/>
      <line num="105" count="105" type="stmt"/>
      <line num="107" count="21" type="cond" truecount="2" falsecount="0"/>
      <line num="108" count="6" type="stmt"/>
      <line num="110" count="21" type="cond" truecount="2" falsecount="0"/>
      <line num="111" count="5" type="stmt"/>
      <line num="114" count="21" type="cond" truecount="2" falsecount="0"/>
      <line num="115" count="4" type="stmt"/>
      <line num="118" count="21" type="cond" truecount="2" falsecount="0"/>
      <line num="119" count="5" type="stmt"/>
      <line num="120" count="5" type="cond" truecount="2" falsecount="0"/>
      <line num="121" count="2" type="stmt"/>
      <line num="122" count="4" type="stmt"/>
      <line num="125" count="2" type="stmt"/>
      <line num="129" count="21" type="cond" truecount="2" falsecount="0"/>
      <line num="130" count="1" type="stmt"/>
      <line num="133" count="21" type="cond" truecount="1" falsecount="1"/>
      <line num="137" count="0" type="stmt"/>
      <line num="141" count="0" type="stmt"/>
      <line num="143" count="0" type="stmt"/>
      <line num="144" count="0" type="stmt"/>
      <line num="145" count="0" type="stmt"/>
      <line num="148" count="0" type="stmt"/>
      <line num="150" count="21" type="cond" truecount="1" falsecount="1"/>
      <line num="154" count="0" type="stmt"/>
      <line num="157" count="21" type="stmt"/>
      <line num="160" count="49" type="cond" truecount="2" falsecount="0"/>
      <line num="161" count="28" type="stmt"/>
      <line num="170" count="3" type="stmt"/>
      <line num="171" count="3" type="stmt"/>
      <line num="172" count="3" type="stmt"/>
      <line num="173" count="3" type="stmt"/>
      <line num="174" count="3" type="stmt"/>
      <line num="175" count="3" type="stmt"/>
      <line num="177" count="3" type="stmt"/>
      <line num="178" count="3" type="stmt"/>
      <line num="186" count="5" type="stmt"/>
      <line num="193" count="4" type="stmt"/>
      <line num="200" count="7" type="stmt"/>
      <line num="211" count="31" type="stmt"/>
      <line num="212" count="31" type="stmt"/>
      <line num="213" count="31" type="stmt"/>
      <line num="214" count="31" type="stmt"/>
      <line num="215" count="31" type="stmt"/>
      <line num="216" count="31" type="cond" truecount="2" falsecount="0"/>
      <line num="217" count="1" type="stmt"/>
      <line num="219" count="30" type="cond" truecount="2" falsecount="0"/>
      <line num="220" count="1" type="stmt"/>
      <line num="222" count="29" type="cond" truecount="2" falsecount="0"/>
      <line num="223" count="3" type="stmt"/>
      <line num="224" count="26" type="cond" truecount="2" falsecount="0"/>
      <line num="225" count="6" type="stmt"/>
      <line num="226" count="20" type="cond" truecount="2" falsecount="0"/>
      <line num="227" count="6" type="stmt"/>
      <line num="229" count="14" type="stmt"/>
      <line num="238" count="13" type="stmt"/>
      <line num="239" count="13" type="stmt"/>
      <line num="240" count="13" type="stmt"/>
      <line num="242" count="13" type="cond" truecount="2" falsecount="0"/>
      <line num="243" count="6" type="stmt"/>
      <line num="245" count="7" type="stmt"/>
      <line num="253" count="10" type="stmt"/>
      <line num="254" count="10" type="stmt"/>
      <line num="255" count="10" type="stmt"/>
      <line num="256" count="10" type="cond" truecount="2" falsecount="0"/>
      <line num="257" count="1" type="stmt"/>
      <line num="258" count="9" type="cond" truecount="2" falsecount="0"/>
      <line num="259" count="2" type="stmt"/>
      <line num="261" count="7" type="stmt"/>
      <line num="269" count="12" type="stmt"/>
      <line num="270" count="12" type="stmt"/>
      <line num="271" count="12" type="stmt"/>
      <line num="272" count="12" type="cond" truecount="2" falsecount="0"/>
      <line num="273" count="1" type="stmt"/>
      <line num="275" count="11" type="cond" truecount="2" falsecount="0"/>
      <line num="276" count="2" type="stmt"/>
      <line num="278" count="9" type="stmt"/>
      <line num="286" count="12" type="stmt"/>
      <line num="287" count="12" type="stmt"/>
      <line num="288" count="12" type="stmt"/>
      <line num="289" count="12" type="stmt"/>
      <line num="290" count="12" type="stmt"/>
      <line num="292" count="12" type="cond" truecount="2" falsecount="0"/>
      <line num="293" count="6" type="stmt"/>
      <line num="295" count="6" type="cond" truecount="2" falsecount="0"/>
      <line num="299" count="2" type="cond" truecount="1" falsecount="1"/>
      <line num="300" count="2" type="stmt"/>
      <line num="303" count="4" type="stmt"/>
      <line num="311" count="7" type="stmt"/>
      <line num="317" count="7" type="stmt"/>
      <line num="324" count="5" type="stmt"/>
      <line num="325" count="5" type="stmt"/>
      <line num="326" count="5" type="stmt"/>
      <line num="327" count="5" type="stmt"/>
      <line num="336" count="4" type="stmt"/>
      <line num="337" count="4" type="stmt"/>
      <line num="338" count="4" type="stmt"/>
      <line num="339" count="4" type="stmt"/>
      <line num="360" count="10" type="stmt"/>
      <line num="361" count="10" type="stmt"/>
      <line num="362" count="10" type="cond" truecount="4" falsecount="0"/>
      <line num="363" count="3" type="stmt"/>
      <line num="364" count="3" type="stmt"/>
      <line num="375" count="2" type="cond" truecount="1" falsecount="1"/>
      <line num="376" count="2" type="stmt"/>
      <line num="378" count="2" type="cond" truecount="1" falsecount="1"/>
      <line num="380" count="2" type="stmt"/>
      <line num="381" count="2" type="stmt"/>
      <line num="383" count="2" type="cond" truecount="1" falsecount="1"/>
      <line num="384" count="2" type="stmt"/>
      <line num="386" count="2" type="cond" truecount="1" falsecount="1"/>
      <line num="387" count="0" type="stmt"/>
      <line num="389" count="2" type="cond" truecount="1" falsecount="1"/>
      <line num="390" count="0" type="stmt"/>
      <line num="392" count="2" type="cond" truecount="1" falsecount="1"/>
      <line num="393" count="0" type="stmt"/>
      <line num="396" count="2" type="cond" truecount="1" falsecount="1"/>
      <line num="397" count="2" type="stmt"/>
      <line num="398" count="2" type="stmt"/>
      <line num="408" count="5" type="cond" truecount="2" falsecount="0"/>
      <line num="410" count="4" type="cond" truecount="2" falsecount="0"/>
      <line num="411" count="2" type="stmt"/>
      <line num="412" count="2" type="cond" truecount="1" falsecount="1"/>
      <line num="414" count="2" type="stmt"/>
      <line num="416" count="2" type="cond" truecount="1" falsecount="1"/>
      <line num="417" count="2" type="stmt"/>
      <line num="418" count="2" type="stmt"/>
      <line num="422" count="4" type="cond" truecount="2" falsecount="0"/>
      <line num="423" count="1" type="stmt"/>
      <line num="426" count="4" type="cond" truecount="2" falsecount="0"/>
      <line num="427" count="1" type="stmt"/>
      <line num="431" count="21" type="stmt"/>
      <line num="432" count="1" type="stmt"/>
      <line num="433" count="1" type="stmt"/>
      <line num="435" count="1" type="stmt"/>
      <line num="436" count="1" type="stmt"/>
      <line num="439" count="21" type="stmt"/>
      <line num="440" count="6" type="stmt"/>
      <line num="441" count="6" type="cond" truecount="2" falsecount="0"/>
      <line num="443" count="5" type="cond" truecount="2" falsecount="0"/>
      <line num="444" count="1" type="stmt"/>
      <line num="445" count="1" type="stmt"/>
      <line num="448" count="5" type="cond" truecount="2" falsecount="0"/>
      <line num="449" count="4" type="stmt"/>
      <line num="450" count="4" type="stmt"/>
      <line num="451" count="4" type="stmt"/>
      <line num="452" count="4" type="stmt"/>
      <line num="454" count="4" type="cond" truecount="2" falsecount="0"/>
      <line num="455" count="2" type="stmt"/>
      <line num="456" count="2" type="stmt"/>
      <line num="458" count="2" type="stmt"/>
      <line num="460" count="2" type="stmt"/>
      <line num="461" count="2" type="stmt"/>
      <line num="463" count="2" type="stmt"/>
      <line num="464" count="8" type="stmt"/>
      <line num="465" count="8" type="cond" truecount="2" falsecount="0"/>
      <line num="466" count="3" type="stmt"/>
      <line num="469" count="3" type="stmt"/>
      <line num="470" count="3" type="stmt"/>
      <line num="476" count="5" type="stmt"/>
    </file>
    <file name="utils.js" path="G:\GitHub\order-summary-frontend-mentor\js\utils.js">
      <metrics statements="30" coveredstatements="30" conditionals="19" coveredconditionals="19" methods="13" coveredmethods="13"/>
      <line num="7" count="21" type="cond" truecount="2" falsecount="0"/>
      <line num="9" count="20" type="stmt"/>
      <line num="14" count="28" type="stmt"/>
      <line num="17" count="35" type="stmt"/>
      <line num="30" count="16" type="stmt"/>
      <line num="31" count="16" type="stmt"/>
      <line num="32" count="16" type="stmt"/>
      <line num="33" count="16" type="stmt"/>
      <line num="35" count="31" type="stmt"/>
      <line num="37" count="16" type="stmt"/>
      <line num="49" count="11" type="cond" truecount="2" falsecount="0"/>
      <line num="50" count="10" type="cond" truecount="2" falsecount="0"/>
      <line num="51" count="3" type="stmt"/>
      <line num="54" count="7" type="stmt"/>
      <line num="56" count="16" type="stmt"/>
      <line num="66" count="10" type="cond" truecount="2" falsecount="0"/>
      <line num="67" count="9" type="cond" truecount="2" falsecount="0"/>
      <line num="68" count="3" type="stmt"/>
      <line num="73" count="6" type="stmt"/>
      <line num="76" count="14" type="cond" truecount="2" falsecount="0"/>
      <line num="77" count="6" type="stmt"/>
      <line num="79" count="8" type="stmt"/>
      <line num="90" count="21" type="stmt"/>
      <line num="99" count="3" type="stmt"/>
      <line num="101" count="25" type="stmt"/>
      <line num="102" count="25" type="cond" truecount="4" falsecount="0"/>
      <line num="103" count="7" type="stmt"/>
      <line num="105" count="18" type="stmt"/>
      <line num="107" count="25" type="stmt"/>
      <line num="109" count="7" type="stmt"/>
    </file>
  </project>
</coverage>
