<?xml version="1.0" encoding="UTF-8"?>
<coverage generated="1736013110233" clover="3.2.0">
  <project timestamp="1736013110233" name="All files">
    <metrics statements="226" coveredstatements="215" conditionals="125" coveredconditionals="110" methods="40" coveredmethods="38" elements="391" coveredelements="363" complexity="0" loc="226" ncloc="226" packages="1" files="2" classes="2"/>
    <file name="main.js" path="G:\GitHub\order-summary-frontend-mentor\js\main.js">
      <metrics statements="196" coveredstatements="185" conditionals="106" coveredconditionals="91" methods="27" coveredmethods="25"/>
      <line num="15" count="89" type="stmt"/>
      <line num="16" count="89" type="stmt"/>
      <line num="17" count="89" type="stmt"/>
      <line num="18" count="89" type="stmt"/>
      <line num="19" count="89" type="stmt"/>
      <line num="20" count="89" type="stmt"/>
      <line num="21" count="89" type="stmt"/>
      <line num="23" count="89" type="stmt"/>
      <line num="40" count="4" type="stmt"/>
      <line num="41" count="4" type="stmt"/>
      <line num="42" count="4" type="stmt"/>
      <line num="44" count="4" type="stmt"/>
      <line num="54" count="3" type="stmt"/>
      <line num="55" count="3" type="stmt"/>
      <line num="56" count="3" type="stmt"/>
      <line num="57" count="3" type="stmt"/>
      <line num="58" count="3" type="stmt"/>
      <line num="59" count="3" type="stmt"/>
      <line num="63" count="3" type="stmt"/>
      <line num="64" count="3" type="stmt"/>
      <line num="66" count="3" type="stmt"/>
      <line num="68" count="3" type="cond" truecount="1" falsecount="1"/>
      <line num="69" count="0" type="stmt"/>
      <line num="72" count="3" type="stmt"/>
      <line num="80" count="13" type="cond" truecount="2" falsecount="0"/>
      <line num="84" count="3" type="stmt"/>
      <line num="85" count="10" type="cond" truecount="2" falsecount="0"/>
      <line num="89" count="3" type="stmt"/>
      <line num="91" count="7" type="stmt"/>
      <line num="94" count="13" type="stmt"/>
      <line num="95" count="49" type="cond" truecount="2" falsecount="0"/>
      <line num="104" count="21" type="stmt"/>
      <line num="105" count="105" type="stmt"/>
      <line num="107" count="21" type="cond" truecount="2" falsecount="0"/>
      <line num="108" count="6" type="stmt"/>
      <line num="110" count="21" type="cond" truecount="2" falsecount="0"/>
      <line num="111" count="5" type="stmt"/>
      <line num="114" count="21" type="cond" truecount="2" falsecount="0"/>
      <line num="115" count="4" type="stmt"/>
      <line num="118" count="21" type="cond" truecount="2" falsecount="0"/>
      <line num="119" count="5" type="stmt"/>
      <line num="120" count="5" type="cond" truecount="2" falsecount="0"/>
      <line num="121" count="2" type="stmt"/>
      <line num="122" count="4" type="stmt"/>
      <line num="125" count="2" type="stmt"/>
      <line num="129" count="21" type="cond" truecount="2" falsecount="0"/>
      <line num="130" count="1" type="stmt"/>
      <line num="133" count="21" type="cond" truecount="1" falsecount="1"/>
      <line num="137" count="0" type="stmt"/>
      <line num="141" count="0" type="stmt"/>
      <line num="143" count="0" type="stmt"/>
      <line num="144" count="0" type="stmt"/>
      <line num="145" count="0" type="stmt"/>
      <line num="148" count="0" type="stmt"/>
      <line num="150" count="21" type="cond" truecount="1" falsecount="1"/>
      <line num="154" count="0" type="stmt"/>
      <line num="157" count="21" type="stmt"/>
      <line num="160" count="49" type="cond" truecount="2" falsecount="0"/>
      <line num="161" count="28" type="stmt"/>
      <line num="170" count="3" type="stmt"/>
      <line num="171" count="3" type="stmt"/>
      <line num="172" count="3" type="stmt"/>
      <line num="173" count="3" type="stmt"/>
      <line num="174" count="3" type="stmt"/>
      <line num="175" count="3" type="stmt"/>
      <line num="177" count="3" type="stmt"/>
      <line num="178" count="3" type="stmt"/>
      <line num="186" count="5" type="stmt"/>
      <line num="193" count="4" type="stmt"/>
      <line num="200" count="7" type="stmt"/>
      <line num="211" count="31" type="stmt"/>
      <line num="212" count="31" type="stmt"/>
      <line num="214" count="31" type="cond" truecount="2" falsecount="0"/>
      <line num="218" count="31" type="stmt"/>
      <line num="219" count="31" type="stmt"/>
      <line num="220" count="31" type="stmt"/>
      <line num="221" count="31" type="cond" truecount="2" falsecount="0"/>
      <line num="222" count="1" type="stmt"/>
      <line num="224" count="30" type="cond" truecount="2" falsecount="0"/>
      <line num="225" count="1" type="stmt"/>
      <line num="227" count="29" type="cond" truecount="2" falsecount="0"/>
      <line num="228" count="3" type="stmt"/>
      <line num="231" count="26" type="cond" truecount="2" falsecount="0"/>
      <line num="232" count="6" type="stmt"/>
      <line num="233" count="20" type="cond" truecount="2" falsecount="0"/>
      <line num="234" count="6" type="stmt"/>
      <line num="236" count="14" type="stmt"/>
      <line num="245" count="13" type="stmt"/>
      <line num="246" count="13" type="stmt"/>
      <line num="247" count="13" type="stmt"/>
      <line num="249" count="13" type="cond" truecount="2" falsecount="0"/>
      <line num="250" count="6" type="stmt"/>
      <line num="252" count="7" type="stmt"/>
      <line num="260" count="10" type="stmt"/>
      <line num="261" count="10" type="stmt"/>
      <line num="262" count="10" type="stmt"/>
      <line num="263" count="10" type="stmt"/>
      <line num="266" count="10" type="stmt"/>
      <line num="267" count="10" type="cond" truecount="2" falsecount="0"/>
      <line num="268" count="1" type="stmt"/>
      <line num="269" count="9" type="cond" truecount="2" falsecount="0"/>
      <line num="270" count="2" type="stmt"/>
      <line num="272" count="7" type="stmt"/>
      <line num="280" count="12" type="stmt"/>
      <line num="281" count="12" type="stmt"/>
      <line num="282" count="12" type="stmt"/>
      <line num="283" count="12" type="cond" truecount="2" falsecount="0"/>
      <line num="284" count="1" type="stmt"/>
      <line num="286" count="11" type="cond" truecount="2" falsecount="0"/>
      <line num="287" count="2" type="stmt"/>
      <line num="289" count="9" type="stmt"/>
      <line num="297" count="12" type="stmt"/>
      <line num="298" count="12" type="stmt"/>
      <line num="299" count="12" type="stmt"/>
      <line num="301" count="12" type="stmt"/>
      <line num="303" count="12" type="stmt"/>
      <line num="304" count="12" type="stmt"/>
      <line num="305" count="12" type="stmt"/>
      <line num="307" count="12" type="cond" truecount="2" falsecount="0"/>
      <line num="308" count="6" type="stmt"/>
      <line num="310" count="6" type="cond" truecount="2" falsecount="0"/>
      <line num="314" count="2" type="cond" truecount="1" falsecount="1"/>
      <line num="315" count="2" type="stmt"/>
      <line num="318" count="4" type="stmt"/>
      <line num="326" count="7" type="stmt"/>
      <line num="332" count="7" type="stmt"/>
      <line num="339" count="5" type="stmt"/>
      <line num="340" count="5" type="stmt"/>
      <line num="341" count="5" type="stmt"/>
      <line num="342" count="5" type="stmt"/>
      <line num="351" count="4" type="stmt"/>
      <line num="352" count="4" type="stmt"/>
      <line num="353" count="4" type="stmt"/>
      <line num="354" count="4" type="stmt"/>
      <line num="375" count="10" type="stmt"/>
      <line num="376" count="10" type="stmt"/>
      <line num="377" count="10" type="cond" truecount="4" falsecount="0"/>
      <line num="378" count="3" type="stmt"/>
      <line num="379" count="3" type="stmt"/>
      <line num="390" count="2" type="cond" truecount="1" falsecount="1"/>
      <line num="391" count="2" type="stmt"/>
      <line num="393" count="2" type="cond" truecount="1" falsecount="1"/>
      <line num="395" count="2" type="stmt"/>
      <line num="396" count="2" type="stmt"/>
      <line num="398" count="2" type="cond" truecount="1" falsecount="1"/>
      <line num="399" count="2" type="stmt"/>
      <line num="401" count="2" type="cond" truecount="1" falsecount="1"/>
      <line num="402" count="0" type="stmt"/>
      <line num="404" count="2" type="cond" truecount="1" falsecount="1"/>
      <line num="405" count="0" type="stmt"/>
      <line num="407" count="2" type="cond" truecount="1" falsecount="1"/>
      <line num="408" count="0" type="stmt"/>
      <line num="411" count="2" type="cond" truecount="1" falsecount="1"/>
      <line num="412" count="2" type="stmt"/>
      <line num="413" count="2" type="stmt"/>
      <line num="423" count="5" type="cond" truecount="2" falsecount="0"/>
      <line num="425" count="4" type="cond" truecount="2" falsecount="0"/>
      <line num="426" count="2" type="stmt"/>
      <line num="427" count="2" type="cond" truecount="1" falsecount="1"/>
      <line num="429" count="2" type="stmt"/>
      <line num="431" count="2" type="cond" truecount="1" falsecount="1"/>
      <line num="432" count="2" type="stmt"/>
      <line num="433" count="2" type="stmt"/>
      <line num="437" count="4" type="cond" truecount="2" falsecount="0"/>
      <line num="438" count="1" type="stmt"/>
      <line num="441" count="4" type="cond" truecount="2" falsecount="0"/>
      <line num="442" count="1" type="stmt"/>
      <line num="446" count="21" type="stmt"/>
      <line num="447" count="1" type="stmt"/>
      <line num="448" count="1" type="stmt"/>
      <line num="450" count="1" type="stmt"/>
      <line num="451" count="1" type="stmt"/>
      <line num="454" count="21" type="stmt"/>
      <line num="455" count="6" type="stmt"/>
      <line num="456" count="6" type="cond" truecount="2" falsecount="0"/>
      <line num="458" count="5" type="cond" truecount="2" falsecount="0"/>
      <line num="459" count="1" type="stmt"/>
      <line num="460" count="1" type="stmt"/>
      <line num="463" count="5" type="cond" truecount="2" falsecount="0"/>
      <line num="464" count="4" type="stmt"/>
      <line num="465" count="4" type="stmt"/>
      <line num="466" count="4" type="stmt"/>
      <line num="467" count="4" type="stmt"/>
      <line num="469" count="4" type="cond" truecount="2" falsecount="0"/>
      <line num="470" count="2" type="stmt"/>
      <line num="471" count="2" type="stmt"/>
      <line num="473" count="2" type="stmt"/>
      <line num="475" count="2" type="stmt"/>
      <line num="476" count="2" type="stmt"/>
      <line num="478" count="2" type="stmt"/>
      <line num="479" count="8" type="stmt"/>
      <line num="480" count="8" type="cond" truecount="2" falsecount="0"/>
      <line num="481" count="3" type="stmt"/>
      <line num="484" count="3" type="stmt"/>
      <line num="485" count="3" type="stmt"/>
      <line num="491" count="5" type="stmt"/>
    </file>
    <file name="utils.js" path="G:\GitHub\order-summary-frontend-mentor\js\utils.js">
      <metrics statements="30" coveredstatements="30" conditionals="19" coveredconditionals="19" methods="13" coveredmethods="13"/>
      <line num="7" count="21" type="cond" truecount="2" falsecount="0"/>
      <line num="9" count="20" type="stmt"/>
      <line num="14" count="28" type="stmt"/>
      <line num="17" count="35" type="stmt"/>
      <line num="30" count="16" type="stmt"/>
      <line num="31" count="16" type="stmt"/>
      <line num="32" count="16" type="stmt"/>
      <line num="33" count="16" type="stmt"/>
      <line num="35" count="31" type="stmt"/>
      <line num="37" count="16" type="stmt"/>
      <line num="49" count="11" type="cond" truecount="2" falsecount="0"/>
      <line num="50" count="10" type="cond" truecount="2" falsecount="0"/>
      <line num="51" count="3" type="stmt"/>
      <line num="54" count="7" type="stmt"/>
      <line num="56" count="16" type="stmt"/>
      <line num="66" count="10" type="cond" truecount="2" falsecount="0"/>
      <line num="67" count="9" type="cond" truecount="2" falsecount="0"/>
      <line num="68" count="3" type="stmt"/>
      <line num="73" count="6" type="stmt"/>
      <line num="76" count="14" type="cond" truecount="2" falsecount="0"/>
      <line num="77" count="6" type="stmt"/>
      <line num="79" count="8" type="stmt"/>
      <line num="90" count="21" type="stmt"/>
      <line num="99" count="3" type="stmt"/>
      <line num="101" count="25" type="stmt"/>
      <line num="102" count="25" type="cond" truecount="4" falsecount="0"/>
      <line num="103" count="7" type="stmt"/>
      <line num="105" count="18" type="stmt"/>
      <line num="107" count="25" type="stmt"/>
      <line num="109" count="7" type="stmt"/>
    </file>
  </project>
</coverage>
