{"G:\\GitHub\\order-summary-frontend-mentor\\js\\main.js": {"path":"G:\\GitHub\\order-summary-frontend-mentor\\js\\main.js","statementMap":{"0":{"start":{"line":15,"column":19},"end":{"line":15,"column":68}},"1":{"start":{"line":16,"column":24},"end":{"line":16,"column":64}},"2":{"start":{"line":17,"column":23},"end":{"line":17,"column":62}},"3":{"start":{"line":18,"column":23},"end":{"line":18,"column":62}},"4":{"start":{"line":19,"column":18},"end":{"line":19,"column":52}},"5":{"start":{"line":20,"column":19},"end":{"line":20,"column":55}},"6":{"start":{"line":21,"column":15},"end":{"line":21,"column":55}},"7":{"start":{"line":23,"column":2},"end":{"line":31,"column":3}},"8":{"start":{"line":40,"column":22},"end":{"line":40,"column":42}},"9":{"start":{"line":41,"column":19},"end":{"line":41,"column":78}},"10":{"start":{"line":42,"column":20},"end":{"line":42,"column":76}},"11":{"start":{"line":44,"column":2},"end":{"line":47,"column":3}},"12":{"start":{"line":54,"column":27},"end":{"line":54,"column":44}},"13":{"start":{"line":55,"column":27},"end":{"line":55,"column":75}},"14":{"start":{"line":56,"column":26},"end":{"line":56,"column":38}},"15":{"start":{"line":57,"column":19},"end":{"line":57,"column":48}},"16":{"start":{"line":58,"column":2},"end":{"line":58,"column":41}},"17":{"start":{"line":59,"column":2},"end":{"line":61,"column":28}},"18":{"start":{"line":63,"column":15},"end":{"line":63,"column":54}},"19":{"start":{"line":64,"column":26},"end":{"line":64,"column":60}},"20":{"start":{"line":66,"column":23},"end":{"line":66,"column":59}},"21":{"start":{"line":68,"column":2},"end":{"line":70,"column":3}},"22":{"start":{"line":69,"column":4},"end":{"line":69,"column":34}},"23":{"start":{"line":72,"column":2},"end":{"line":72,"column":46}},"24":{"start":{"line":80,"column":2},"end":{"line":92,"column":3}},"25":{"start":{"line":84,"column":4},"end":{"line":84,"column":47}},"26":{"start":{"line":85,"column":9},"end":{"line":92,"column":3}},"27":{"start":{"line":89,"column":4},"end":{"line":89,"column":59}},"28":{"start":{"line":91,"column":4},"end":{"line":91,"column":59}},"29":{"start":{"line":94,"column":2},"end":{"line":163,"column":4}},"30":{"start":{"line":95,"column":4},"end":{"line":158,"column":5}},"31":{"start":{"line":104,"column":10},"end":{"line":104,"column":27}},"32":{"start":{"line":105,"column":6},"end":{"line":105,"column":71}},"33":{"start":{"line":105,"column":34},"end":{"line":105,"column":70}},"34":{"start":{"line":107,"column":6},"end":{"line":109,"column":7}},"35":{"start":{"line":108,"column":8},"end":{"line":108,"column":46}},"36":{"start":{"line":110,"column":6},"end":{"line":112,"column":7}},"37":{"start":{"line":111,"column":8},"end":{"line":111,"column":47}},"38":{"start":{"line":114,"column":6},"end":{"line":116,"column":7}},"39":{"start":{"line":115,"column":8},"end":{"line":115,"column":41}},"40":{"start":{"line":118,"column":6},"end":{"line":127,"column":7}},"41":{"start":{"line":119,"column":8},"end":{"line":119,"column":46}},"42":{"start":{"line":120,"column":8},"end":{"line":126,"column":9}},"43":{"start":{"line":121,"column":10},"end":{"line":123,"column":12}},"44":{"start":{"line":122,"column":12},"end":{"line":122,"column":29}},"45":{"start":{"line":125,"column":10},"end":{"line":125,"column":21}},"46":{"start":{"line":129,"column":6},"end":{"line":131,"column":7}},"47":{"start":{"line":130,"column":8},"end":{"line":130,"column":47}},"48":{"start":{"line":133,"column":6},"end":{"line":155,"column":7}},"49":{"start":{"line":137,"column":21},"end":{"line":140,"column":27}},"50":{"start":{"line":141,"column":8},"end":{"line":141,"column":42}},"51":{"start":{"line":143,"column":8},"end":{"line":149,"column":16}},"52":{"start":{"line":144,"column":10},"end":{"line":146,"column":12}},"53":{"start":{"line":145,"column":12},"end":{"line":145,"column":29}},"54":{"start":{"line":148,"column":10},"end":{"line":148,"column":21}},"55":{"start":{"line":150,"column":13},"end":{"line":155,"column":7}},"56":{"start":{"line":154,"column":8},"end":{"line":154,"column":41}},"57":{"start":{"line":157,"column":6},"end":{"line":157,"column":63}},"58":{"start":{"line":160,"column":4},"end":{"line":162,"column":5}},"59":{"start":{"line":161,"column":6},"end":{"line":161,"column":49}},"60":{"start":{"line":170,"column":19},"end":{"line":170,"column":36}},"61":{"start":{"line":171,"column":22},"end":{"line":171,"column":61}},"62":{"start":{"line":172,"column":22},"end":{"line":172,"column":32}},"63":{"start":{"line":173,"column":22},"end":{"line":173,"column":47}},"64":{"start":{"line":174,"column":23},"end":{"line":174,"column":79}},"65":{"start":{"line":175,"column":24},"end":{"line":175,"column":56}},"66":{"start":{"line":177,"column":2},"end":{"line":177,"column":53}},"67":{"start":{"line":178,"column":2},"end":{"line":178,"column":55}},"68":{"start":{"line":186,"column":2},"end":{"line":186,"column":48}},"69":{"start":{"line":193,"column":2},"end":{"line":193,"column":49}},"70":{"start":{"line":200,"column":2},"end":{"line":200,"column":58}},"71":{"start":{"line":211,"column":29},"end":{"line":211,"column":54}},"72":{"start":{"line":212,"column":22},"end":{"line":212,"column":75}},"73":{"start":{"line":213,"column":16},"end":{"line":213,"column":60}},"74":{"start":{"line":214,"column":14},"end":{"line":214,"column":51}},"75":{"start":{"line":215,"column":14},"end":{"line":215,"column":51}},"76":{"start":{"line":216,"column":2},"end":{"line":218,"column":3}},"77":{"start":{"line":217,"column":4},"end":{"line":217,"column":72}},"78":{"start":{"line":219,"column":2},"end":{"line":221,"column":3}},"79":{"start":{"line":220,"column":4},"end":{"line":220,"column":72}},"80":{"start":{"line":222,"column":2},"end":{"line":230,"column":3}},"81":{"start":{"line":223,"column":4},"end":{"line":223,"column":42}},"82":{"start":{"line":224,"column":9},"end":{"line":230,"column":3}},"83":{"start":{"line":225,"column":4},"end":{"line":225,"column":60}},"84":{"start":{"line":226,"column":9},"end":{"line":230,"column":3}},"85":{"start":{"line":227,"column":4},"end":{"line":227,"column":59}},"86":{"start":{"line":229,"column":4},"end":{"line":229,"column":15}},"87":{"start":{"line":238,"column":19},"end":{"line":238,"column":36}},"88":{"start":{"line":239,"column":21},"end":{"line":239,"column":55}},"89":{"start":{"line":240,"column":21},"end":{"line":240,"column":43}},"90":{"start":{"line":242,"column":2},"end":{"line":244,"column":3}},"91":{"start":{"line":243,"column":4},"end":{"line":243,"column":21}},"92":{"start":{"line":245,"column":2},"end":{"line":245,"column":13}},"93":{"start":{"line":253,"column":22},"end":{"line":253,"column":54}},"94":{"start":{"line":254,"column":19},"end":{"line":254,"column":36}},"95":{"start":{"line":255,"column":25},"end":{"line":255,"column":77}},"96":{"start":{"line":256,"column":2},"end":{"line":260,"column":3}},"97":{"start":{"line":257,"column":4},"end":{"line":257,"column":40}},"98":{"start":{"line":258,"column":9},"end":{"line":260,"column":3}},"99":{"start":{"line":259,"column":4},"end":{"line":259,"column":53}},"100":{"start":{"line":261,"column":2},"end":{"line":261,"column":13}},"101":{"start":{"line":269,"column":19},"end":{"line":269,"column":36}},"102":{"start":{"line":270,"column":25},"end":{"line":270,"column":77}},"103":{"start":{"line":271,"column":23},"end":{"line":271,"column":48}},"104":{"start":{"line":272,"column":2},"end":{"line":274,"column":3}},"105":{"start":{"line":273,"column":4},"end":{"line":273,"column":44}},"106":{"start":{"line":275,"column":2},"end":{"line":277,"column":3}},"107":{"start":{"line":276,"column":4},"end":{"line":276,"column":43}},"108":{"start":{"line":278,"column":2},"end":{"line":278,"column":13}},"109":{"start":{"line":286,"column":19},"end":{"line":286,"column":36}},"110":{"start":{"line":287,"column":19},"end":{"line":287,"column":51}},"111":{"start":{"line":288,"column":24},"end":{"line":288,"column":45}},"112":{"start":{"line":289,"column":26},"end":{"line":289,"column":73}},"113":{"start":{"line":290,"column":21},"end":{"line":290,"column":41}},"114":{"start":{"line":292,"column":2},"end":{"line":294,"column":3}},"115":{"start":{"line":293,"column":4},"end":{"line":293,"column":21}},"116":{"start":{"line":295,"column":2},"end":{"line":302,"column":3}},"117":{"start":{"line":299,"column":4},"end":{"line":301,"column":5}},"118":{"start":{"line":300,"column":6},"end":{"line":300,"column":41}},"119":{"start":{"line":303,"column":2},"end":{"line":303,"column":13}},"120":{"start":{"line":311,"column":17},"end":{"line":316,"column":3}},"121":{"start":{"line":317,"column":2},"end":{"line":317,"column":15}},"122":{"start":{"line":324,"column":19},"end":{"line":324,"column":36}},"123":{"start":{"line":325,"column":2},"end":{"line":325,"column":57}},"124":{"start":{"line":326,"column":2},"end":{"line":326,"column":59}},"125":{"start":{"line":327,"column":2},"end":{"line":327,"column":14}},"126":{"start":{"line":336,"column":31},"end":{"line":336,"column":58}},"127":{"start":{"line":337,"column":22},"end":{"line":337,"column":74}},"128":{"start":{"line":338,"column":2},"end":{"line":338,"column":45}},"129":{"start":{"line":339,"column":2},"end":{"line":352,"column":27}},"130":{"start":{"line":360,"column":31},"end":{"line":360,"column":58}},"131":{"start":{"line":361,"column":22},"end":{"line":361,"column":74}},"132":{"start":{"line":362,"column":2},"end":{"line":365,"column":3}},"133":{"start":{"line":363,"column":4},"end":{"line":363,"column":30}},"134":{"start":{"line":364,"column":4},"end":{"line":364,"column":50}},"135":{"start":{"line":375,"column":2},"end":{"line":375,"column":40}},"136":{"start":{"line":375,"column":34},"end":{"line":375,"column":40}},"137":{"start":{"line":376,"column":23},"end":{"line":376,"column":46}},"138":{"start":{"line":378,"column":2},"end":{"line":378,"column":26}},"139":{"start":{"line":378,"column":20},"end":{"line":378,"column":26}},"140":{"start":{"line":380,"column":14},"end":{"line":380,"column":16}},"141":{"start":{"line":381,"column":20},"end":{"line":381,"column":65}},"142":{"start":{"line":383,"column":2},"end":{"line":385,"column":3}},"143":{"start":{"line":384,"column":4},"end":{"line":384,"column":32}},"144":{"start":{"line":386,"column":2},"end":{"line":388,"column":3}},"145":{"start":{"line":387,"column":4},"end":{"line":387,"column":32}},"146":{"start":{"line":389,"column":2},"end":{"line":391,"column":3}},"147":{"start":{"line":390,"column":4},"end":{"line":390,"column":32}},"148":{"start":{"line":392,"column":2},"end":{"line":394,"column":3}},"149":{"start":{"line":393,"column":4},"end":{"line":393,"column":30}},"150":{"start":{"line":396,"column":2},"end":{"line":399,"column":3}},"151":{"start":{"line":397,"column":4},"end":{"line":397,"column":24}},"152":{"start":{"line":398,"column":4},"end":{"line":398,"column":25}},"153":{"start":{"line":408,"column":2},"end":{"line":408,"column":40}},"154":{"start":{"line":408,"column":34},"end":{"line":408,"column":40}},"155":{"start":{"line":410,"column":2},"end":{"line":420,"column":3}},"156":{"start":{"line":411,"column":25},"end":{"line":411,"column":48}},"157":{"start":{"line":412,"column":4},"end":{"line":412,"column":28}},"158":{"start":{"line":412,"column":22},"end":{"line":412,"column":28}},"159":{"start":{"line":414,"column":18},"end":{"line":414,"column":38}},"160":{"start":{"line":416,"column":4},"end":{"line":419,"column":5}},"161":{"start":{"line":417,"column":6},"end":{"line":417,"column":26}},"162":{"start":{"line":418,"column":6},"end":{"line":418,"column":27}},"163":{"start":{"line":422,"column":2},"end":{"line":424,"column":3}},"164":{"start":{"line":423,"column":4},"end":{"line":423,"column":51}},"165":{"start":{"line":426,"column":2},"end":{"line":428,"column":3}},"166":{"start":{"line":427,"column":4},"end":{"line":427,"column":53}},"167":{"start":{"line":431,"column":0},"end":{"line":437,"column":2}},"168":{"start":{"line":432,"column":19},"end":{"line":432,"column":36}},"169":{"start":{"line":433,"column":2},"end":{"line":433,"column":14}},"170":{"start":{"line":435,"column":2},"end":{"line":435,"column":49}},"171":{"start":{"line":436,"column":2},"end":{"line":436,"column":51}},"172":{"start":{"line":439,"column":0},"end":{"line":477,"column":2}},"173":{"start":{"line":440,"column":19},"end":{"line":440,"column":36}},"174":{"start":{"line":441,"column":2},"end":{"line":441,"column":41}},"175":{"start":{"line":441,"column":35},"end":{"line":441,"column":41}},"176":{"start":{"line":443,"column":2},"end":{"line":446,"column":3}},"177":{"start":{"line":444,"column":25},"end":{"line":444,"column":50}},"178":{"start":{"line":445,"column":4},"end":{"line":445,"column":35}},"179":{"start":{"line":448,"column":2},"end":{"line":474,"column":3}},"180":{"start":{"line":449,"column":4},"end":{"line":449,"column":22}},"181":{"start":{"line":450,"column":26},"end":{"line":450,"column":50}},"182":{"start":{"line":451,"column":27},"end":{"line":451,"column":41}},"183":{"start":{"line":452,"column":24},"end":{"line":452,"column":67}},"184":{"start":{"line":454,"column":4},"end":{"line":473,"column":5}},"185":{"start":{"line":455,"column":6},"end":{"line":455,"column":52}},"186":{"start":{"line":456,"column":6},"end":{"line":456,"column":47}},"187":{"start":{"line":458,"column":25},"end":{"line":458,"column":55}},"188":{"start":{"line":460,"column":6},"end":{"line":460,"column":50}},"189":{"start":{"line":461,"column":6},"end":{"line":461,"column":49}},"190":{"start":{"line":463,"column":6},"end":{"line":472,"column":8}},"191":{"start":{"line":464,"column":31},"end":{"line":464,"column":35}},"192":{"start":{"line":465,"column":8},"end":{"line":471,"column":9}},"193":{"start":{"line":466,"column":30},"end":{"line":468,"column":11}},"194":{"start":{"line":469,"column":10},"end":{"line":469,"column":36}},"195":{"start":{"line":470,"column":10},"end":{"line":470,"column":41}},"196":{"start":{"line":476,"column":2},"end":{"line":476,"column":24}}},"fnMap":{"0":{"name":"initDOMElements","decl":{"start":{"line":14,"column":16},"end":{"line":14,"column":31}},"loc":{"start":{"line":14,"column":35},"end":{"line":32,"column":1}},"line":14},"1":{"name":"getSelectedPlan","decl":{"start":{"line":39,"column":16},"end":{"line":39,"column":31}},"loc":{"start":{"line":39,"column":41},"end":{"line":48,"column":1}},"line":39},"2":{"name":"createPlanDetails","decl":{"start":{"line":53,"column":16},"end":{"line":53,"column":33}},"loc":{"start":{"line":53,"column":49},"end":{"line":73,"column":1}},"line":53},"3":{"name":"switchScreen","decl":{"start":{"line":79,"column":16},"end":{"line":79,"column":28}},"loc":{"start":{"line":79,"column":38},"end":{"line":164,"column":1}},"line":79},"4":{"name":"(anonymous_4)","decl":{"start":{"line":94,"column":49},"end":{"line":94,"column":50}},"loc":{"start":{"line":94,"column":54},"end":{"line":163,"column":3}},"line":94},"5":{"name":"(anonymous_5)","decl":{"start":{"line":105,"column":23},"end":{"line":105,"column":24}},"loc":{"start":{"line":105,"column":34},"end":{"line":105,"column":70}},"line":105},"6":{"name":"(anonymous_6)","decl":{"start":{"line":121,"column":49},"end":{"line":121,"column":50}},"loc":{"start":{"line":121,"column":58},"end":{"line":123,"column":11}},"line":121},"7":{"name":"(anonymous_7)","decl":{"start":{"line":143,"column":19},"end":{"line":143,"column":20}},"loc":{"start":{"line":143,"column":25},"end":{"line":149,"column":9}},"line":143},"8":{"name":"(anonymous_8)","decl":{"start":{"line":144,"column":49},"end":{"line":144,"column":50}},"loc":{"start":{"line":144,"column":58},"end":{"line":146,"column":11}},"line":144},"9":{"name":"setMinDate","decl":{"start":{"line":169,"column":16},"end":{"line":169,"column":26}},"loc":{"start":{"line":169,"column":30},"end":{"line":179,"column":1}},"line":169},"10":{"name":"markAsValid","decl":{"start":{"line":185,"column":16},"end":{"line":185,"column":27}},"loc":{"start":{"line":185,"column":42},"end":{"line":187,"column":1}},"line":185},"11":{"name":"markAsInvalid","decl":{"start":{"line":192,"column":16},"end":{"line":192,"column":29}},"loc":{"start":{"line":192,"column":44},"end":{"line":194,"column":1}},"line":192},"12":{"name":"checkValidity","decl":{"start":{"line":199,"column":16},"end":{"line":199,"column":29}},"loc":{"start":{"line":199,"column":44},"end":{"line":201,"column":1}},"line":199},"13":{"name":"checkValue","decl":{"start":{"line":210,"column":16},"end":{"line":210,"column":26}},"loc":{"start":{"line":210,"column":41},"end":{"line":231,"column":1}},"line":210},"14":{"name":"validateCardNumber","decl":{"start":{"line":237,"column":16},"end":{"line":237,"column":34}},"loc":{"start":{"line":237,"column":38},"end":{"line":246,"column":1}},"line":237},"15":{"name":"validateHolderName","decl":{"start":{"line":252,"column":16},"end":{"line":252,"column":34}},"loc":{"start":{"line":252,"column":38},"end":{"line":262,"column":1}},"line":252},"16":{"name":"validateExpiryDate","decl":{"start":{"line":268,"column":16},"end":{"line":268,"column":34}},"loc":{"start":{"line":268,"column":38},"end":{"line":279,"column":1}},"line":268},"17":{"name":"validateCardCode","decl":{"start":{"line":285,"column":16},"end":{"line":285,"column":32}},"loc":{"start":{"line":285,"column":36},"end":{"line":304,"column":1}},"line":285},"18":{"name":"validateForm","decl":{"start":{"line":310,"column":16},"end":{"line":310,"column":28}},"loc":{"start":{"line":310,"column":32},"end":{"line":318,"column":1}},"line":310},"19":{"name":"resetForm","decl":{"start":{"line":323,"column":16},"end":{"line":323,"column":25}},"loc":{"start":{"line":323,"column":29},"end":{"line":328,"column":1}},"line":323},"20":{"name":"createError","decl":{"start":{"line":335,"column":16},"end":{"line":335,"column":27}},"loc":{"start":{"line":335,"column":58},"end":{"line":353,"column":1}},"line":335},"21":{"name":"clearError","decl":{"start":{"line":359,"column":16},"end":{"line":359,"column":26}},"loc":{"start":{"line":359,"column":43},"end":{"line":366,"column":1}},"line":359},"22":{"name":"handleFormInput","decl":{"start":{"line":374,"column":16},"end":{"line":374,"column":31}},"loc":{"start":{"line":374,"column":36},"end":{"line":400,"column":1}},"line":374},"23":{"name":"handleFormChange","decl":{"start":{"line":407,"column":16},"end":{"line":407,"column":32}},"loc":{"start":{"line":407,"column":37},"end":{"line":429,"column":1}},"line":407},"24":{"name":"(anonymous_24)","decl":{"start":{"line":431,"column":46},"end":{"line":431,"column":47}},"loc":{"start":{"line":431,"column":52},"end":{"line":437,"column":1}},"line":431},"25":{"name":"(anonymous_25)","decl":{"start":{"line":439,"column":40},"end":{"line":439,"column":41}},"loc":{"start":{"line":439,"column":45},"end":{"line":477,"column":1}},"line":439},"26":{"name":"(anonymous_26)","decl":{"start":{"line":463,"column":25},"end":{"line":463,"column":26}},"loc":{"start":{"line":463,"column":33},"end":{"line":472,"column":7}},"line":463}},"branchMap":{"0":{"loc":{"start":{"line":68,"column":2},"end":{"line":70,"column":3}},"type":"if","locations":[{"start":{"line":68,"column":2},"end":{"line":70,"column":3}},{"start":{},"end":{}}],"line":68},"1":{"loc":{"start":{"line":80,"column":2},"end":{"line":92,"column":3}},"type":"if","locations":[{"start":{"line":80,"column":2},"end":{"line":92,"column":3}},{"start":{"line":85,"column":9},"end":{"line":92,"column":3}}],"line":80},"2":{"loc":{"start":{"line":81,"column":4},"end":{"line":82,"column":65}},"type":"binary-expr","locations":[{"start":{"line":81,"column":4},"end":{"line":81,"column":43}},{"start":{"line":82,"column":4},"end":{"line":82,"column":65}}],"line":81},"3":{"loc":{"start":{"line":85,"column":9},"end":{"line":92,"column":3}},"type":"if","locations":[{"start":{"line":85,"column":9},"end":{"line":92,"column":3}},{"start":{"line":90,"column":9},"end":{"line":92,"column":3}}],"line":85},"4":{"loc":{"start":{"line":86,"column":4},"end":{"line":87,"column":63}},"type":"binary-expr","locations":[{"start":{"line":86,"column":4},"end":{"line":86,"column":43}},{"start":{"line":87,"column":4},"end":{"line":87,"column":63}}],"line":86},"5":{"loc":{"start":{"line":95,"column":4},"end":{"line":158,"column":5}},"type":"if","locations":[{"start":{"line":95,"column":4},"end":{"line":158,"column":5}},{"start":{},"end":{}}],"line":95},"6":{"loc":{"start":{"line":107,"column":6},"end":{"line":109,"column":7}},"type":"if","locations":[{"start":{"line":107,"column":6},"end":{"line":109,"column":7}},{"start":{},"end":{}}],"line":107},"7":{"loc":{"start":{"line":110,"column":6},"end":{"line":112,"column":7}},"type":"if","locations":[{"start":{"line":110,"column":6},"end":{"line":112,"column":7}},{"start":{},"end":{}}],"line":110},"8":{"loc":{"start":{"line":114,"column":6},"end":{"line":116,"column":7}},"type":"if","locations":[{"start":{"line":114,"column":6},"end":{"line":116,"column":7}},{"start":{},"end":{}}],"line":114},"9":{"loc":{"start":{"line":118,"column":6},"end":{"line":127,"column":7}},"type":"if","locations":[{"start":{"line":118,"column":6},"end":{"line":127,"column":7}},{"start":{},"end":{}}],"line":118},"10":{"loc":{"start":{"line":120,"column":8},"end":{"line":126,"column":9}},"type":"if","locations":[{"start":{"line":120,"column":8},"end":{"line":126,"column":9}},{"start":{},"end":{}}],"line":120},"11":{"loc":{"start":{"line":129,"column":6},"end":{"line":131,"column":7}},"type":"if","locations":[{"start":{"line":129,"column":6},"end":{"line":131,"column":7}},{"start":{},"end":{}}],"line":129},"12":{"loc":{"start":{"line":133,"column":6},"end":{"line":155,"column":7}},"type":"if","locations":[{"start":{"line":133,"column":6},"end":{"line":155,"column":7}},{"start":{"line":150,"column":13},"end":{"line":155,"column":7}}],"line":133},"13":{"loc":{"start":{"line":134,"column":8},"end":{"line":135,"column":67}},"type":"binary-expr","locations":[{"start":{"line":134,"column":8},"end":{"line":134,"column":47}},{"start":{"line":135,"column":8},"end":{"line":135,"column":67}}],"line":134},"14":{"loc":{"start":{"line":150,"column":13},"end":{"line":155,"column":7}},"type":"if","locations":[{"start":{"line":150,"column":13},"end":{"line":155,"column":7}},{"start":{},"end":{}}],"line":150},"15":{"loc":{"start":{"line":151,"column":8},"end":{"line":152,"column":69}},"type":"binary-expr","locations":[{"start":{"line":151,"column":8},"end":{"line":151,"column":47}},{"start":{"line":152,"column":8},"end":{"line":152,"column":69}}],"line":151},"16":{"loc":{"start":{"line":160,"column":4},"end":{"line":162,"column":5}},"type":"if","locations":[{"start":{"line":160,"column":4},"end":{"line":162,"column":5}},{"start":{},"end":{}}],"line":160},"17":{"loc":{"start":{"line":216,"column":2},"end":{"line":218,"column":3}},"type":"if","locations":[{"start":{"line":216,"column":2},"end":{"line":218,"column":3}},{"start":{},"end":{}}],"line":216},"18":{"loc":{"start":{"line":219,"column":2},"end":{"line":221,"column":3}},"type":"if","locations":[{"start":{"line":219,"column":2},"end":{"line":221,"column":3}},{"start":{},"end":{}}],"line":219},"19":{"loc":{"start":{"line":222,"column":2},"end":{"line":230,"column":3}},"type":"if","locations":[{"start":{"line":222,"column":2},"end":{"line":230,"column":3}},{"start":{"line":224,"column":9},"end":{"line":230,"column":3}}],"line":222},"20":{"loc":{"start":{"line":224,"column":9},"end":{"line":230,"column":3}},"type":"if","locations":[{"start":{"line":224,"column":9},"end":{"line":230,"column":3}},{"start":{"line":226,"column":9},"end":{"line":230,"column":3}}],"line":224},"21":{"loc":{"start":{"line":226,"column":9},"end":{"line":230,"column":3}},"type":"if","locations":[{"start":{"line":226,"column":9},"end":{"line":230,"column":3}},{"start":{"line":228,"column":9},"end":{"line":230,"column":3}}],"line":226},"22":{"loc":{"start":{"line":242,"column":2},"end":{"line":244,"column":3}},"type":"if","locations":[{"start":{"line":242,"column":2},"end":{"line":244,"column":3}},{"start":{},"end":{}}],"line":242},"23":{"loc":{"start":{"line":256,"column":2},"end":{"line":260,"column":3}},"type":"if","locations":[{"start":{"line":256,"column":2},"end":{"line":260,"column":3}},{"start":{"line":258,"column":9},"end":{"line":260,"column":3}}],"line":256},"24":{"loc":{"start":{"line":258,"column":9},"end":{"line":260,"column":3}},"type":"if","locations":[{"start":{"line":258,"column":9},"end":{"line":260,"column":3}},{"start":{},"end":{}}],"line":258},"25":{"loc":{"start":{"line":272,"column":2},"end":{"line":274,"column":3}},"type":"if","locations":[{"start":{"line":272,"column":2},"end":{"line":274,"column":3}},{"start":{},"end":{}}],"line":272},"26":{"loc":{"start":{"line":275,"column":2},"end":{"line":277,"column":3}},"type":"if","locations":[{"start":{"line":275,"column":2},"end":{"line":277,"column":3}},{"start":{},"end":{}}],"line":275},"27":{"loc":{"start":{"line":292,"column":2},"end":{"line":294,"column":3}},"type":"if","locations":[{"start":{"line":292,"column":2},"end":{"line":294,"column":3}},{"start":{},"end":{}}],"line":292},"28":{"loc":{"start":{"line":295,"column":2},"end":{"line":302,"column":3}},"type":"if","locations":[{"start":{"line":295,"column":2},"end":{"line":302,"column":3}},{"start":{},"end":{}}],"line":295},"29":{"loc":{"start":{"line":296,"column":4},"end":{"line":297,"column":44}},"type":"binary-expr","locations":[{"start":{"line":296,"column":4},"end":{"line":296,"column":44}},{"start":{"line":297,"column":4},"end":{"line":297,"column":44}}],"line":296},"30":{"loc":{"start":{"line":299,"column":4},"end":{"line":301,"column":5}},"type":"if","locations":[{"start":{"line":299,"column":4},"end":{"line":301,"column":5}},{"start":{},"end":{}}],"line":299},"31":{"loc":{"start":{"line":362,"column":2},"end":{"line":365,"column":3}},"type":"if","locations":[{"start":{"line":362,"column":2},"end":{"line":365,"column":3}},{"start":{},"end":{}}],"line":362},"32":{"loc":{"start":{"line":362,"column":6},"end":{"line":362,"column":44}},"type":"binary-expr","locations":[{"start":{"line":362,"column":6},"end":{"line":362,"column":17}},{"start":{"line":362,"column":21},"end":{"line":362,"column":44}}],"line":362},"33":{"loc":{"start":{"line":375,"column":2},"end":{"line":375,"column":40}},"type":"if","locations":[{"start":{"line":375,"column":2},"end":{"line":375,"column":40}},{"start":{},"end":{}}],"line":375},"34":{"loc":{"start":{"line":378,"column":2},"end":{"line":378,"column":26}},"type":"if","locations":[{"start":{"line":378,"column":2},"end":{"line":378,"column":26}},{"start":{},"end":{}}],"line":378},"35":{"loc":{"start":{"line":383,"column":2},"end":{"line":385,"column":3}},"type":"if","locations":[{"start":{"line":383,"column":2},"end":{"line":385,"column":3}},{"start":{},"end":{}}],"line":383},"36":{"loc":{"start":{"line":386,"column":2},"end":{"line":388,"column":3}},"type":"if","locations":[{"start":{"line":386,"column":2},"end":{"line":388,"column":3}},{"start":{},"end":{}}],"line":386},"37":{"loc":{"start":{"line":389,"column":2},"end":{"line":391,"column":3}},"type":"if","locations":[{"start":{"line":389,"column":2},"end":{"line":391,"column":3}},{"start":{},"end":{}}],"line":389},"38":{"loc":{"start":{"line":392,"column":2},"end":{"line":394,"column":3}},"type":"if","locations":[{"start":{"line":392,"column":2},"end":{"line":394,"column":3}},{"start":{},"end":{}}],"line":392},"39":{"loc":{"start":{"line":396,"column":2},"end":{"line":399,"column":3}},"type":"if","locations":[{"start":{"line":396,"column":2},"end":{"line":399,"column":3}},{"start":{},"end":{}}],"line":396},"40":{"loc":{"start":{"line":408,"column":2},"end":{"line":408,"column":40}},"type":"if","locations":[{"start":{"line":408,"column":2},"end":{"line":408,"column":40}},{"start":{},"end":{}}],"line":408},"41":{"loc":{"start":{"line":410,"column":2},"end":{"line":420,"column":3}},"type":"if","locations":[{"start":{"line":410,"column":2},"end":{"line":420,"column":3}},{"start":{},"end":{}}],"line":410},"42":{"loc":{"start":{"line":412,"column":4},"end":{"line":412,"column":28}},"type":"if","locations":[{"start":{"line":412,"column":4},"end":{"line":412,"column":28}},{"start":{},"end":{}}],"line":412},"43":{"loc":{"start":{"line":416,"column":4},"end":{"line":419,"column":5}},"type":"if","locations":[{"start":{"line":416,"column":4},"end":{"line":419,"column":5}},{"start":{},"end":{}}],"line":416},"44":{"loc":{"start":{"line":422,"column":2},"end":{"line":424,"column":3}},"type":"if","locations":[{"start":{"line":422,"column":2},"end":{"line":424,"column":3}},{"start":{},"end":{}}],"line":422},"45":{"loc":{"start":{"line":426,"column":2},"end":{"line":428,"column":3}},"type":"if","locations":[{"start":{"line":426,"column":2},"end":{"line":428,"column":3}},{"start":{},"end":{}}],"line":426},"46":{"loc":{"start":{"line":441,"column":2},"end":{"line":441,"column":41}},"type":"if","locations":[{"start":{"line":441,"column":2},"end":{"line":441,"column":41}},{"start":{},"end":{}}],"line":441},"47":{"loc":{"start":{"line":443,"column":2},"end":{"line":446,"column":3}},"type":"if","locations":[{"start":{"line":443,"column":2},"end":{"line":446,"column":3}},{"start":{},"end":{}}],"line":443},"48":{"loc":{"start":{"line":448,"column":2},"end":{"line":474,"column":3}},"type":"if","locations":[{"start":{"line":448,"column":2},"end":{"line":474,"column":3}},{"start":{},"end":{}}],"line":448},"49":{"loc":{"start":{"line":454,"column":4},"end":{"line":473,"column":5}},"type":"if","locations":[{"start":{"line":454,"column":4},"end":{"line":473,"column":5}},{"start":{"line":457,"column":11},"end":{"line":473,"column":5}}],"line":454},"50":{"loc":{"start":{"line":465,"column":8},"end":{"line":471,"column":9}},"type":"if","locations":[{"start":{"line":465,"column":8},"end":{"line":471,"column":9}},{"start":{},"end":{}}],"line":465}},"s":{"0":89,"1":89,"2":89,"3":89,"4":89,"5":89,"6":89,"7":89,"8":4,"9":4,"10":4,"11":4,"12":3,"13":3,"14":3,"15":3,"16":3,"17":3,"18":3,"19":3,"20":3,"21":3,"22":0,"23":3,"24":13,"25":3,"26":10,"27":3,"28":7,"29":13,"30":49,"31":21,"32":21,"33":105,"34":21,"35":6,"36":21,"37":5,"38":21,"39":4,"40":21,"41":5,"42":5,"43":2,"44":4,"45":2,"46":21,"47":1,"48":21,"49":0,"50":0,"51":0,"52":0,"53":0,"54":0,"55":21,"56":0,"57":21,"58":49,"59":28,"60":3,"61":3,"62":3,"63":3,"64":3,"65":3,"66":3,"67":3,"68":5,"69":4,"70":7,"71":31,"72":31,"73":31,"74":31,"75":31,"76":31,"77":1,"78":30,"79":1,"80":29,"81":3,"82":26,"83":6,"84":20,"85":6,"86":14,"87":13,"88":13,"89":13,"90":13,"91":6,"92":7,"93":10,"94":10,"95":10,"96":10,"97":1,"98":9,"99":2,"100":7,"101":12,"102":12,"103":12,"104":12,"105":1,"106":11,"107":2,"108":9,"109":12,"110":12,"111":12,"112":12,"113":12,"114":12,"115":6,"116":6,"117":2,"118":2,"119":4,"120":7,"121":7,"122":5,"123":5,"124":5,"125":5,"126":4,"127":4,"128":4,"129":4,"130":10,"131":10,"132":10,"133":3,"134":3,"135":2,"136":0,"137":2,"138":2,"139":0,"140":2,"141":2,"142":2,"143":2,"144":2,"145":0,"146":2,"147":0,"148":2,"149":0,"150":2,"151":2,"152":2,"153":5,"154":1,"155":4,"156":2,"157":2,"158":0,"159":2,"160":2,"161":2,"162":2,"163":4,"164":1,"165":4,"166":1,"167":21,"168":1,"169":1,"170":1,"171":1,"172":21,"173":6,"174":6,"175":1,"176":5,"177":1,"178":1,"179":5,"180":4,"181":4,"182":4,"183":4,"184":4,"185":2,"186":2,"187":2,"188":2,"189":2,"190":2,"191":8,"192":8,"193":3,"194":3,"195":3,"196":5},"f":{"0":89,"1":4,"2":3,"3":13,"4":49,"5":105,"6":4,"7":0,"8":0,"9":3,"10":5,"11":4,"12":7,"13":31,"14":13,"15":10,"16":12,"17":12,"18":7,"19":5,"20":4,"21":10,"22":2,"23":5,"24":1,"25":6,"26":8},"b":{"0":[0,3],"1":[3,10],"2":[13,6],"3":[3,7],"4":[10,3],"5":[21,28],"6":[6,15],"7":[5,16],"8":[4,17],"9":[5,16],"10":[2,3],"11":[1,20],"12":[0,21],"13":[21,0],"14":[0,21],"15":[21,0],"16":[28,21],"17":[1,30],"18":[1,29],"19":[3,26],"20":[6,20],"21":[6,14],"22":[6,7],"23":[1,9],"24":[2,7],"25":[1,11],"26":[2,9],"27":[6,6],"28":[2,4],"29":[6,6],"30":[2,0],"31":[3,7],"32":[10,10],"33":[0,2],"34":[0,2],"35":[2,0],"36":[0,2],"37":[0,2],"38":[0,2],"39":[2,0],"40":[1,4],"41":[2,2],"42":[0,2],"43":[2,0],"44":[1,3],"45":[1,3],"46":[1,5],"47":[1,4],"48":[4,1],"49":[2,2],"50":[3,5]},"_coverageSchema":"1a1c01bbd47fc00a2c39e90264f33305004495a9","hash":"0535f81a8ce090384647127e8db786c99518c978"}
,"G:\\GitHub\\order-summary-frontend-mentor\\js\\utils.js": {"path":"G:\\GitHub\\order-summary-frontend-mentor\\js\\utils.js","statementMap":{"0":{"start":{"line":7,"column":2},"end":{"line":7,"column":28}},"1":{"start":{"line":7,"column":19},"end":{"line":7,"column":28}},"2":{"start":{"line":9,"column":2},"end":{"line":21,"column":14}},"3":{"start":{"line":14,"column":6},"end":{"line":19,"column":18}},"4":{"start":{"line":17,"column":18},"end":{"line":17,"column":78}},"5":{"start":{"line":30,"column":22},"end":{"line":30,"column":32}},"6":{"start":{"line":31,"column":22},"end":{"line":31,"column":47}},"7":{"start":{"line":32,"column":23},"end":{"line":32,"column":49}},"8":{"start":{"line":33,"column":38},"end":{"line":35,"column":32}},"9":{"start":{"line":35,"column":17},"end":{"line":35,"column":31}},"10":{"start":{"line":37,"column":2},"end":{"line":40,"column":3}},"11":{"start":{"line":49,"column":2},"end":{"line":49,"column":28}},"12":{"start":{"line":49,"column":19},"end":{"line":49,"column":28}},"13":{"start":{"line":50,"column":2},"end":{"line":52,"column":3}},"14":{"start":{"line":51,"column":4},"end":{"line":51,"column":76}},"15":{"start":{"line":54,"column":2},"end":{"line":57,"column":14}},"16":{"start":{"line":56,"column":17},"end":{"line":56,"column":35}},"17":{"start":{"line":66,"column":2},"end":{"line":66,"column":28}},"18":{"start":{"line":66,"column":19},"end":{"line":66,"column":28}},"19":{"start":{"line":67,"column":2},"end":{"line":71,"column":3}},"20":{"start":{"line":68,"column":4},"end":{"line":70,"column":5}},"21":{"start":{"line":73,"column":2},"end":{"line":81,"column":13}},"22":{"start":{"line":76,"column":6},"end":{"line":78,"column":7}},"23":{"start":{"line":77,"column":8},"end":{"line":77,"column":33}},"24":{"start":{"line":79,"column":6},"end":{"line":79,"column":67}},"25":{"start":{"line":90,"column":2},"end":{"line":90,"column":30}},"26":{"start":{"line":99,"column":2},"end":{"line":110,"column":14}},"27":{"start":{"line":101,"column":24},"end":{"line":101,"column":49}},"28":{"start":{"line":102,"column":6},"end":{"line":106,"column":7}},"29":{"start":{"line":103,"column":8},"end":{"line":103,"column":27}},"30":{"start":{"line":105,"column":8},"end":{"line":105,"column":28}},"31":{"start":{"line":107,"column":6},"end":{"line":107,"column":19}},"32":{"start":{"line":109,"column":17},"end":{"line":109,"column":30}}},"fnMap":{"0":{"name":"capitalizeText","decl":{"start":{"line":6,"column":16},"end":{"line":6,"column":30}},"loc":{"start":{"line":6,"column":38},"end":{"line":22,"column":1}},"line":6},"1":{"name":"(anonymous_1)","decl":{"start":{"line":13,"column":9},"end":{"line":13,"column":10}},"loc":{"start":{"line":14,"column":6},"end":{"line":19,"column":18}},"line":14},"2":{"name":"(anonymous_2)","decl":{"start":{"line":17,"column":10},"end":{"line":17,"column":11}},"loc":{"start":{"line":17,"column":18},"end":{"line":17,"column":78}},"line":17},"3":{"name":"checkDate","decl":{"start":{"line":29,"column":16},"end":{"line":29,"column":25}},"loc":{"start":{"line":29,"column":33},"end":{"line":41,"column":1}},"line":29},"4":{"name":"(anonymous_4)","decl":{"start":{"line":35,"column":9},"end":{"line":35,"column":10}},"loc":{"start":{"line":35,"column":17},"end":{"line":35,"column":31}},"line":35},"5":{"name":"makeCamelCaseHyphenatedLowercase","decl":{"start":{"line":48,"column":16},"end":{"line":48,"column":48}},"loc":{"start":{"line":48,"column":56},"end":{"line":58,"column":1}},"line":48},"6":{"name":"(anonymous_6)","decl":{"start":{"line":56,"column":9},"end":{"line":56,"column":10}},"loc":{"start":{"line":56,"column":17},"end":{"line":56,"column":35}},"line":56},"7":{"name":"makeHyphenatedLowercaseCamelCase","decl":{"start":{"line":65,"column":16},"end":{"line":65,"column":48}},"loc":{"start":{"line":65,"column":56},"end":{"line":82,"column":1}},"line":65},"8":{"name":"(anonymous_8)","decl":{"start":{"line":75,"column":9},"end":{"line":75,"column":10}},"loc":{"start":{"line":75,"column":26},"end":{"line":80,"column":5}},"line":75},"9":{"name":"isNull","decl":{"start":{"line":89,"column":16},"end":{"line":89,"column":22}},"loc":{"start":{"line":89,"column":38},"end":{"line":91,"column":1}},"line":89},"10":{"name":"formatCardNumber","decl":{"start":{"line":98,"column":16},"end":{"line":98,"column":32}},"loc":{"start":{"line":98,"column":46},"end":{"line":111,"column":1}},"line":98},"11":{"name":"(anonymous_11)","decl":{"start":{"line":100,"column":12},"end":{"line":100,"column":13}},"loc":{"start":{"line":100,"column":30},"end":{"line":108,"column":5}},"line":100},"12":{"name":"(anonymous_12)","decl":{"start":{"line":109,"column":9},"end":{"line":109,"column":10}},"loc":{"start":{"line":109,"column":17},"end":{"line":109,"column":30}},"line":109}},"branchMap":{"0":{"loc":{"start":{"line":7,"column":2},"end":{"line":7,"column":28}},"type":"if","locations":[{"start":{"line":7,"column":2},"end":{"line":7,"column":28}},{"start":{},"end":{}}],"line":7},"1":{"loc":{"start":{"line":38,"column":4},"end":{"line":39,"column":65}},"type":"binary-expr","locations":[{"start":{"line":38,"column":4},"end":{"line":38,"column":29}},{"start":{"line":39,"column":5},"end":{"line":39,"column":32}},{"start":{"line":39,"column":36},"end":{"line":39,"column":64}}],"line":38},"2":{"loc":{"start":{"line":49,"column":2},"end":{"line":49,"column":28}},"type":"if","locations":[{"start":{"line":49,"column":2},"end":{"line":49,"column":28}},{"start":{},"end":{}}],"line":49},"3":{"loc":{"start":{"line":50,"column":2},"end":{"line":52,"column":3}},"type":"if","locations":[{"start":{"line":50,"column":2},"end":{"line":52,"column":3}},{"start":{},"end":{}}],"line":50},"4":{"loc":{"start":{"line":66,"column":2},"end":{"line":66,"column":28}},"type":"if","locations":[{"start":{"line":66,"column":2},"end":{"line":66,"column":28}},{"start":{},"end":{}}],"line":66},"5":{"loc":{"start":{"line":67,"column":2},"end":{"line":71,"column":3}},"type":"if","locations":[{"start":{"line":67,"column":2},"end":{"line":71,"column":3}},{"start":{},"end":{}}],"line":67},"6":{"loc":{"start":{"line":76,"column":6},"end":{"line":78,"column":7}},"type":"if","locations":[{"start":{"line":76,"column":6},"end":{"line":78,"column":7}},{"start":{},"end":{}}],"line":76},"7":{"loc":{"start":{"line":102,"column":6},"end":{"line":106,"column":7}},"type":"if","locations":[{"start":{"line":102,"column":6},"end":{"line":106,"column":7}},{"start":{"line":104,"column":13},"end":{"line":106,"column":7}}],"line":102},"8":{"loc":{"start":{"line":102,"column":10},"end":{"line":102,"column":46}},"type":"binary-expr","locations":[{"start":{"line":102,"column":10},"end":{"line":102,"column":20}},{"start":{"line":102,"column":24},"end":{"line":102,"column":46}}],"line":102}},"s":{"0":21,"1":1,"2":20,"3":28,"4":35,"5":16,"6":16,"7":16,"8":16,"9":31,"10":16,"11":11,"12":1,"13":10,"14":3,"15":7,"16":16,"17":10,"18":1,"19":9,"20":3,"21":6,"22":14,"23":6,"24":8,"25":21,"26":3,"27":25,"28":25,"29":7,"30":18,"31":25,"32":7},"f":{"0":21,"1":28,"2":35,"3":16,"4":31,"5":11,"6":16,"7":10,"8":14,"9":21,"10":3,"11":25,"12":7},"b":{"0":[1,20],"1":[16,13,9],"2":[1,10],"3":[3,7],"4":[1,9],"5":[3,6],"6":[6,8],"7":[7,18],"8":[25,22]},"_coverageSchema":"1a1c01bbd47fc00a2c39e90264f33305004495a9","hash":"0aa2a075ef25a0f4fab565db3d36cd95c87f71e3"}
}
