{"G:\\GitHub\\order-summary-frontend-mentor\\js\\main.js": {"path":"G:\\GitHub\\order-summary-frontend-mentor\\js\\main.js","statementMap":{"0":{"start":{"line":15,"column":19},"end":{"line":15,"column":68}},"1":{"start":{"line":16,"column":24},"end":{"line":16,"column":64}},"2":{"start":{"line":17,"column":23},"end":{"line":17,"column":62}},"3":{"start":{"line":18,"column":23},"end":{"line":18,"column":62}},"4":{"start":{"line":19,"column":18},"end":{"line":19,"column":52}},"5":{"start":{"line":20,"column":19},"end":{"line":20,"column":55}},"6":{"start":{"line":21,"column":15},"end":{"line":21,"column":55}},"7":{"start":{"line":23,"column":2},"end":{"line":31,"column":3}},"8":{"start":{"line":40,"column":22},"end":{"line":40,"column":42}},"9":{"start":{"line":41,"column":19},"end":{"line":41,"column":78}},"10":{"start":{"line":42,"column":20},"end":{"line":42,"column":76}},"11":{"start":{"line":44,"column":2},"end":{"line":47,"column":3}},"12":{"start":{"line":54,"column":27},"end":{"line":54,"column":44}},"13":{"start":{"line":55,"column":27},"end":{"line":55,"column":75}},"14":{"start":{"line":56,"column":26},"end":{"line":56,"column":38}},"15":{"start":{"line":57,"column":19},"end":{"line":57,"column":48}},"16":{"start":{"line":58,"column":2},"end":{"line":58,"column":41}},"17":{"start":{"line":59,"column":2},"end":{"line":61,"column":28}},"18":{"start":{"line":63,"column":15},"end":{"line":63,"column":54}},"19":{"start":{"line":64,"column":26},"end":{"line":64,"column":60}},"20":{"start":{"line":66,"column":23},"end":{"line":66,"column":59}},"21":{"start":{"line":68,"column":2},"end":{"line":70,"column":3}},"22":{"start":{"line":69,"column":4},"end":{"line":69,"column":34}},"23":{"start":{"line":72,"column":2},"end":{"line":72,"column":46}},"24":{"start":{"line":80,"column":2},"end":{"line":92,"column":3}},"25":{"start":{"line":84,"column":4},"end":{"line":84,"column":47}},"26":{"start":{"line":85,"column":9},"end":{"line":92,"column":3}},"27":{"start":{"line":89,"column":4},"end":{"line":89,"column":59}},"28":{"start":{"line":91,"column":4},"end":{"line":91,"column":59}},"29":{"start":{"line":94,"column":2},"end":{"line":163,"column":4}},"30":{"start":{"line":95,"column":4},"end":{"line":158,"column":5}},"31":{"start":{"line":104,"column":10},"end":{"line":104,"column":27}},"32":{"start":{"line":105,"column":6},"end":{"line":105,"column":71}},"33":{"start":{"line":105,"column":34},"end":{"line":105,"column":70}},"34":{"start":{"line":107,"column":6},"end":{"line":109,"column":7}},"35":{"start":{"line":108,"column":8},"end":{"line":108,"column":46}},"36":{"start":{"line":110,"column":6},"end":{"line":112,"column":7}},"37":{"start":{"line":111,"column":8},"end":{"line":111,"column":47}},"38":{"start":{"line":114,"column":6},"end":{"line":116,"column":7}},"39":{"start":{"line":115,"column":8},"end":{"line":115,"column":41}},"40":{"start":{"line":118,"column":6},"end":{"line":127,"column":7}},"41":{"start":{"line":119,"column":8},"end":{"line":119,"column":46}},"42":{"start":{"line":120,"column":8},"end":{"line":126,"column":9}},"43":{"start":{"line":121,"column":10},"end":{"line":123,"column":12}},"44":{"start":{"line":122,"column":12},"end":{"line":122,"column":29}},"45":{"start":{"line":125,"column":10},"end":{"line":125,"column":21}},"46":{"start":{"line":129,"column":6},"end":{"line":131,"column":7}},"47":{"start":{"line":130,"column":8},"end":{"line":130,"column":47}},"48":{"start":{"line":133,"column":6},"end":{"line":155,"column":7}},"49":{"start":{"line":137,"column":21},"end":{"line":140,"column":27}},"50":{"start":{"line":141,"column":8},"end":{"line":141,"column":42}},"51":{"start":{"line":143,"column":8},"end":{"line":149,"column":16}},"52":{"start":{"line":144,"column":10},"end":{"line":146,"column":12}},"53":{"start":{"line":145,"column":12},"end":{"line":145,"column":29}},"54":{"start":{"line":148,"column":10},"end":{"line":148,"column":21}},"55":{"start":{"line":150,"column":13},"end":{"line":155,"column":7}},"56":{"start":{"line":154,"column":8},"end":{"line":154,"column":41}},"57":{"start":{"line":157,"column":6},"end":{"line":157,"column":63}},"58":{"start":{"line":160,"column":4},"end":{"line":162,"column":5}},"59":{"start":{"line":161,"column":6},"end":{"line":161,"column":49}},"60":{"start":{"line":170,"column":19},"end":{"line":170,"column":36}},"61":{"start":{"line":171,"column":22},"end":{"line":171,"column":61}},"62":{"start":{"line":172,"column":22},"end":{"line":172,"column":32}},"63":{"start":{"line":173,"column":22},"end":{"line":173,"column":47}},"64":{"start":{"line":174,"column":23},"end":{"line":174,"column":79}},"65":{"start":{"line":175,"column":24},"end":{"line":175,"column":56}},"66":{"start":{"line":177,"column":2},"end":{"line":177,"column":53}},"67":{"start":{"line":178,"column":2},"end":{"line":178,"column":55}},"68":{"start":{"line":186,"column":2},"end":{"line":186,"column":48}},"69":{"start":{"line":193,"column":2},"end":{"line":193,"column":49}},"70":{"start":{"line":200,"column":2},"end":{"line":200,"column":58}},"71":{"start":{"line":211,"column":29},"end":{"line":211,"column":54}},"72":{"start":{"line":212,"column":22},"end":{"line":212,"column":75}},"73":{"start":{"line":214,"column":4},"end":{"line":217,"column":66}},"74":{"start":{"line":218,"column":16},"end":{"line":218,"column":60}},"75":{"start":{"line":219,"column":14},"end":{"line":219,"column":51}},"76":{"start":{"line":220,"column":14},"end":{"line":220,"column":51}},"77":{"start":{"line":221,"column":2},"end":{"line":223,"column":3}},"78":{"start":{"line":222,"column":4},"end":{"line":222,"column":72}},"79":{"start":{"line":224,"column":2},"end":{"line":226,"column":3}},"80":{"start":{"line":225,"column":4},"end":{"line":225,"column":72}},"81":{"start":{"line":227,"column":2},"end":{"line":237,"column":3}},"82":{"start":{"line":228,"column":4},"end":{"line":230,"column":6}},"83":{"start":{"line":231,"column":9},"end":{"line":237,"column":3}},"84":{"start":{"line":232,"column":4},"end":{"line":232,"column":58}},"85":{"start":{"line":233,"column":9},"end":{"line":237,"column":3}},"86":{"start":{"line":234,"column":4},"end":{"line":234,"column":57}},"87":{"start":{"line":236,"column":4},"end":{"line":236,"column":15}},"88":{"start":{"line":245,"column":19},"end":{"line":245,"column":36}},"89":{"start":{"line":246,"column":21},"end":{"line":246,"column":55}},"90":{"start":{"line":247,"column":21},"end":{"line":247,"column":43}},"91":{"start":{"line":249,"column":2},"end":{"line":251,"column":3}},"92":{"start":{"line":250,"column":4},"end":{"line":250,"column":21}},"93":{"start":{"line":252,"column":2},"end":{"line":252,"column":13}},"94":{"start":{"line":260,"column":22},"end":{"line":260,"column":54}},"95":{"start":{"line":261,"column":19},"end":{"line":261,"column":36}},"96":{"start":{"line":262,"column":25},"end":{"line":262,"column":77}},"97":{"start":{"line":263,"column":22},"end":{"line":265,"column":53}},"98":{"start":{"line":266,"column":20},"end":{"line":266,"column":78}},"99":{"start":{"line":267,"column":2},"end":{"line":271,"column":3}},"100":{"start":{"line":268,"column":4},"end":{"line":268,"column":40}},"101":{"start":{"line":269,"column":9},"end":{"line":271,"column":3}},"102":{"start":{"line":270,"column":4},"end":{"line":270,"column":53}},"103":{"start":{"line":272,"column":2},"end":{"line":272,"column":13}},"104":{"start":{"line":280,"column":19},"end":{"line":280,"column":36}},"105":{"start":{"line":281,"column":25},"end":{"line":281,"column":77}},"106":{"start":{"line":282,"column":23},"end":{"line":282,"column":48}},"107":{"start":{"line":283,"column":2},"end":{"line":285,"column":3}},"108":{"start":{"line":284,"column":4},"end":{"line":284,"column":44}},"109":{"start":{"line":286,"column":2},"end":{"line":288,"column":3}},"110":{"start":{"line":287,"column":4},"end":{"line":287,"column":43}},"111":{"start":{"line":289,"column":2},"end":{"line":289,"column":13}},"112":{"start":{"line":297,"column":19},"end":{"line":297,"column":36}},"113":{"start":{"line":298,"column":19},"end":{"line":298,"column":51}},"114":{"start":{"line":299,"column":24},"end":{"line":299,"column":45}},"115":{"start":{"line":301,"column":4},"end":{"line":301,"column":61}},"116":{"start":{"line":303,"column":28},"end":{"line":303,"column":76}},"117":{"start":{"line":304,"column":26},"end":{"line":304,"column":73}},"118":{"start":{"line":305,"column":21},"end":{"line":305,"column":41}},"119":{"start":{"line":307,"column":2},"end":{"line":309,"column":3}},"120":{"start":{"line":308,"column":4},"end":{"line":308,"column":21}},"121":{"start":{"line":310,"column":2},"end":{"line":317,"column":3}},"122":{"start":{"line":314,"column":4},"end":{"line":316,"column":5}},"123":{"start":{"line":315,"column":6},"end":{"line":315,"column":52}},"124":{"start":{"line":318,"column":2},"end":{"line":318,"column":13}},"125":{"start":{"line":326,"column":17},"end":{"line":331,"column":3}},"126":{"start":{"line":332,"column":2},"end":{"line":332,"column":15}},"127":{"start":{"line":339,"column":19},"end":{"line":339,"column":36}},"128":{"start":{"line":340,"column":2},"end":{"line":340,"column":57}},"129":{"start":{"line":341,"column":2},"end":{"line":341,"column":59}},"130":{"start":{"line":342,"column":2},"end":{"line":342,"column":14}},"131":{"start":{"line":351,"column":31},"end":{"line":351,"column":58}},"132":{"start":{"line":352,"column":22},"end":{"line":352,"column":74}},"133":{"start":{"line":353,"column":2},"end":{"line":353,"column":45}},"134":{"start":{"line":354,"column":2},"end":{"line":367,"column":27}},"135":{"start":{"line":375,"column":31},"end":{"line":375,"column":58}},"136":{"start":{"line":376,"column":22},"end":{"line":376,"column":74}},"137":{"start":{"line":377,"column":2},"end":{"line":380,"column":3}},"138":{"start":{"line":378,"column":4},"end":{"line":378,"column":30}},"139":{"start":{"line":379,"column":4},"end":{"line":379,"column":50}},"140":{"start":{"line":390,"column":2},"end":{"line":390,"column":40}},"141":{"start":{"line":390,"column":34},"end":{"line":390,"column":40}},"142":{"start":{"line":391,"column":23},"end":{"line":391,"column":46}},"143":{"start":{"line":393,"column":2},"end":{"line":393,"column":26}},"144":{"start":{"line":393,"column":20},"end":{"line":393,"column":26}},"145":{"start":{"line":395,"column":14},"end":{"line":395,"column":16}},"146":{"start":{"line":396,"column":20},"end":{"line":396,"column":65}},"147":{"start":{"line":398,"column":2},"end":{"line":400,"column":3}},"148":{"start":{"line":399,"column":4},"end":{"line":399,"column":32}},"149":{"start":{"line":401,"column":2},"end":{"line":403,"column":3}},"150":{"start":{"line":402,"column":4},"end":{"line":402,"column":32}},"151":{"start":{"line":404,"column":2},"end":{"line":406,"column":3}},"152":{"start":{"line":405,"column":4},"end":{"line":405,"column":32}},"153":{"start":{"line":407,"column":2},"end":{"line":409,"column":3}},"154":{"start":{"line":408,"column":4},"end":{"line":408,"column":30}},"155":{"start":{"line":411,"column":2},"end":{"line":414,"column":3}},"156":{"start":{"line":412,"column":4},"end":{"line":412,"column":24}},"157":{"start":{"line":413,"column":4},"end":{"line":413,"column":25}},"158":{"start":{"line":423,"column":2},"end":{"line":423,"column":40}},"159":{"start":{"line":423,"column":34},"end":{"line":423,"column":40}},"160":{"start":{"line":425,"column":2},"end":{"line":435,"column":3}},"161":{"start":{"line":426,"column":25},"end":{"line":426,"column":48}},"162":{"start":{"line":427,"column":4},"end":{"line":427,"column":28}},"163":{"start":{"line":427,"column":22},"end":{"line":427,"column":28}},"164":{"start":{"line":429,"column":18},"end":{"line":429,"column":38}},"165":{"start":{"line":431,"column":4},"end":{"line":434,"column":5}},"166":{"start":{"line":432,"column":6},"end":{"line":432,"column":26}},"167":{"start":{"line":433,"column":6},"end":{"line":433,"column":27}},"168":{"start":{"line":437,"column":2},"end":{"line":439,"column":3}},"169":{"start":{"line":438,"column":4},"end":{"line":438,"column":51}},"170":{"start":{"line":441,"column":2},"end":{"line":443,"column":3}},"171":{"start":{"line":442,"column":4},"end":{"line":442,"column":53}},"172":{"start":{"line":446,"column":0},"end":{"line":452,"column":2}},"173":{"start":{"line":447,"column":19},"end":{"line":447,"column":36}},"174":{"start":{"line":448,"column":2},"end":{"line":448,"column":14}},"175":{"start":{"line":450,"column":2},"end":{"line":450,"column":49}},"176":{"start":{"line":451,"column":2},"end":{"line":451,"column":51}},"177":{"start":{"line":454,"column":0},"end":{"line":492,"column":2}},"178":{"start":{"line":455,"column":19},"end":{"line":455,"column":36}},"179":{"start":{"line":456,"column":2},"end":{"line":456,"column":41}},"180":{"start":{"line":456,"column":35},"end":{"line":456,"column":41}},"181":{"start":{"line":458,"column":2},"end":{"line":461,"column":3}},"182":{"start":{"line":459,"column":25},"end":{"line":459,"column":50}},"183":{"start":{"line":460,"column":4},"end":{"line":460,"column":35}},"184":{"start":{"line":463,"column":2},"end":{"line":489,"column":3}},"185":{"start":{"line":464,"column":4},"end":{"line":464,"column":22}},"186":{"start":{"line":465,"column":26},"end":{"line":465,"column":50}},"187":{"start":{"line":466,"column":27},"end":{"line":466,"column":41}},"188":{"start":{"line":467,"column":24},"end":{"line":467,"column":67}},"189":{"start":{"line":469,"column":4},"end":{"line":488,"column":5}},"190":{"start":{"line":470,"column":6},"end":{"line":470,"column":52}},"191":{"start":{"line":471,"column":6},"end":{"line":471,"column":47}},"192":{"start":{"line":473,"column":25},"end":{"line":473,"column":55}},"193":{"start":{"line":475,"column":6},"end":{"line":475,"column":50}},"194":{"start":{"line":476,"column":6},"end":{"line":476,"column":49}},"195":{"start":{"line":478,"column":6},"end":{"line":487,"column":8}},"196":{"start":{"line":479,"column":31},"end":{"line":479,"column":35}},"197":{"start":{"line":480,"column":8},"end":{"line":486,"column":9}},"198":{"start":{"line":481,"column":30},"end":{"line":483,"column":11}},"199":{"start":{"line":484,"column":10},"end":{"line":484,"column":36}},"200":{"start":{"line":485,"column":10},"end":{"line":485,"column":41}},"201":{"start":{"line":491,"column":2},"end":{"line":491,"column":24}}},"fnMap":{"0":{"name":"initDOMElements","decl":{"start":{"line":14,"column":16},"end":{"line":14,"column":31}},"loc":{"start":{"line":14,"column":35},"end":{"line":32,"column":1}},"line":14},"1":{"name":"getSelectedPlan","decl":{"start":{"line":39,"column":16},"end":{"line":39,"column":31}},"loc":{"start":{"line":39,"column":41},"end":{"line":48,"column":1}},"line":39},"2":{"name":"createPlanDetails","decl":{"start":{"line":53,"column":16},"end":{"line":53,"column":33}},"loc":{"start":{"line":53,"column":49},"end":{"line":73,"column":1}},"line":53},"3":{"name":"switchScreen","decl":{"start":{"line":79,"column":16},"end":{"line":79,"column":28}},"loc":{"start":{"line":79,"column":38},"end":{"line":164,"column":1}},"line":79},"4":{"name":"(anonymous_4)","decl":{"start":{"line":94,"column":49},"end":{"line":94,"column":50}},"loc":{"start":{"line":94,"column":54},"end":{"line":163,"column":3}},"line":94},"5":{"name":"(anonymous_5)","decl":{"start":{"line":105,"column":23},"end":{"line":105,"column":24}},"loc":{"start":{"line":105,"column":34},"end":{"line":105,"column":70}},"line":105},"6":{"name":"(anonymous_6)","decl":{"start":{"line":121,"column":49},"end":{"line":121,"column":50}},"loc":{"start":{"line":121,"column":58},"end":{"line":123,"column":11}},"line":121},"7":{"name":"(anonymous_7)","decl":{"start":{"line":143,"column":19},"end":{"line":143,"column":20}},"loc":{"start":{"line":143,"column":25},"end":{"line":149,"column":9}},"line":143},"8":{"name":"(anonymous_8)","decl":{"start":{"line":144,"column":49},"end":{"line":144,"column":50}},"loc":{"start":{"line":144,"column":58},"end":{"line":146,"column":11}},"line":144},"9":{"name":"setMinDate","decl":{"start":{"line":169,"column":16},"end":{"line":169,"column":26}},"loc":{"start":{"line":169,"column":30},"end":{"line":179,"column":1}},"line":169},"10":{"name":"markAsValid","decl":{"start":{"line":185,"column":16},"end":{"line":185,"column":27}},"loc":{"start":{"line":185,"column":42},"end":{"line":187,"column":1}},"line":185},"11":{"name":"markAsInvalid","decl":{"start":{"line":192,"column":16},"end":{"line":192,"column":29}},"loc":{"start":{"line":192,"column":44},"end":{"line":194,"column":1}},"line":192},"12":{"name":"checkValidity","decl":{"start":{"line":199,"column":16},"end":{"line":199,"column":29}},"loc":{"start":{"line":199,"column":44},"end":{"line":201,"column":1}},"line":199},"13":{"name":"checkValue","decl":{"start":{"line":210,"column":16},"end":{"line":210,"column":26}},"loc":{"start":{"line":210,"column":41},"end":{"line":238,"column":1}},"line":210},"14":{"name":"validateCardNumber","decl":{"start":{"line":244,"column":16},"end":{"line":244,"column":34}},"loc":{"start":{"line":244,"column":38},"end":{"line":253,"column":1}},"line":244},"15":{"name":"validateHolderName","decl":{"start":{"line":259,"column":16},"end":{"line":259,"column":34}},"loc":{"start":{"line":259,"column":38},"end":{"line":273,"column":1}},"line":259},"16":{"name":"validateExpiryDate","decl":{"start":{"line":279,"column":16},"end":{"line":279,"column":34}},"loc":{"start":{"line":279,"column":38},"end":{"line":290,"column":1}},"line":279},"17":{"name":"validateCardCode","decl":{"start":{"line":296,"column":16},"end":{"line":296,"column":32}},"loc":{"start":{"line":296,"column":36},"end":{"line":319,"column":1}},"line":296},"18":{"name":"validateForm","decl":{"start":{"line":325,"column":16},"end":{"line":325,"column":28}},"loc":{"start":{"line":325,"column":32},"end":{"line":333,"column":1}},"line":325},"19":{"name":"resetForm","decl":{"start":{"line":338,"column":16},"end":{"line":338,"column":25}},"loc":{"start":{"line":338,"column":29},"end":{"line":343,"column":1}},"line":338},"20":{"name":"createError","decl":{"start":{"line":350,"column":16},"end":{"line":350,"column":27}},"loc":{"start":{"line":350,"column":58},"end":{"line":368,"column":1}},"line":350},"21":{"name":"clearError","decl":{"start":{"line":374,"column":16},"end":{"line":374,"column":26}},"loc":{"start":{"line":374,"column":43},"end":{"line":381,"column":1}},"line":374},"22":{"name":"handleFormInput","decl":{"start":{"line":389,"column":16},"end":{"line":389,"column":31}},"loc":{"start":{"line":389,"column":36},"end":{"line":415,"column":1}},"line":389},"23":{"name":"handleFormChange","decl":{"start":{"line":422,"column":16},"end":{"line":422,"column":32}},"loc":{"start":{"line":422,"column":37},"end":{"line":444,"column":1}},"line":422},"24":{"name":"(anonymous_24)","decl":{"start":{"line":446,"column":46},"end":{"line":446,"column":47}},"loc":{"start":{"line":446,"column":52},"end":{"line":452,"column":1}},"line":446},"25":{"name":"(anonymous_25)","decl":{"start":{"line":454,"column":40},"end":{"line":454,"column":41}},"loc":{"start":{"line":454,"column":45},"end":{"line":492,"column":1}},"line":454},"26":{"name":"(anonymous_26)","decl":{"start":{"line":478,"column":25},"end":{"line":478,"column":26}},"loc":{"start":{"line":478,"column":33},"end":{"line":487,"column":7}},"line":478}},"branchMap":{"0":{"loc":{"start":{"line":68,"column":2},"end":{"line":70,"column":3}},"type":"if","locations":[{"start":{"line":68,"column":2},"end":{"line":70,"column":3}},{"start":{},"end":{}}],"line":68},"1":{"loc":{"start":{"line":80,"column":2},"end":{"line":92,"column":3}},"type":"if","locations":[{"start":{"line":80,"column":2},"end":{"line":92,"column":3}},{"start":{"line":85,"column":9},"end":{"line":92,"column":3}}],"line":80},"2":{"loc":{"start":{"line":81,"column":4},"end":{"line":82,"column":65}},"type":"binary-expr","locations":[{"start":{"line":81,"column":4},"end":{"line":81,"column":43}},{"start":{"line":82,"column":4},"end":{"line":82,"column":65}}],"line":81},"3":{"loc":{"start":{"line":85,"column":9},"end":{"line":92,"column":3}},"type":"if","locations":[{"start":{"line":85,"column":9},"end":{"line":92,"column":3}},{"start":{"line":90,"column":9},"end":{"line":92,"column":3}}],"line":85},"4":{"loc":{"start":{"line":86,"column":4},"end":{"line":87,"column":63}},"type":"binary-expr","locations":[{"start":{"line":86,"column":4},"end":{"line":86,"column":43}},{"start":{"line":87,"column":4},"end":{"line":87,"column":63}}],"line":86},"5":{"loc":{"start":{"line":95,"column":4},"end":{"line":158,"column":5}},"type":"if","locations":[{"start":{"line":95,"column":4},"end":{"line":158,"column":5}},{"start":{},"end":{}}],"line":95},"6":{"loc":{"start":{"line":107,"column":6},"end":{"line":109,"column":7}},"type":"if","locations":[{"start":{"line":107,"column":6},"end":{"line":109,"column":7}},{"start":{},"end":{}}],"line":107},"7":{"loc":{"start":{"line":110,"column":6},"end":{"line":112,"column":7}},"type":"if","locations":[{"start":{"line":110,"column":6},"end":{"line":112,"column":7}},{"start":{},"end":{}}],"line":110},"8":{"loc":{"start":{"line":114,"column":6},"end":{"line":116,"column":7}},"type":"if","locations":[{"start":{"line":114,"column":6},"end":{"line":116,"column":7}},{"start":{},"end":{}}],"line":114},"9":{"loc":{"start":{"line":118,"column":6},"end":{"line":127,"column":7}},"type":"if","locations":[{"start":{"line":118,"column":6},"end":{"line":127,"column":7}},{"start":{},"end":{}}],"line":118},"10":{"loc":{"start":{"line":120,"column":8},"end":{"line":126,"column":9}},"type":"if","locations":[{"start":{"line":120,"column":8},"end":{"line":126,"column":9}},{"start":{},"end":{}}],"line":120},"11":{"loc":{"start":{"line":129,"column":6},"end":{"line":131,"column":7}},"type":"if","locations":[{"start":{"line":129,"column":6},"end":{"line":131,"column":7}},{"start":{},"end":{}}],"line":129},"12":{"loc":{"start":{"line":133,"column":6},"end":{"line":155,"column":7}},"type":"if","locations":[{"start":{"line":133,"column":6},"end":{"line":155,"column":7}},{"start":{"line":150,"column":13},"end":{"line":155,"column":7}}],"line":133},"13":{"loc":{"start":{"line":134,"column":8},"end":{"line":135,"column":67}},"type":"binary-expr","locations":[{"start":{"line":134,"column":8},"end":{"line":134,"column":47}},{"start":{"line":135,"column":8},"end":{"line":135,"column":67}}],"line":134},"14":{"loc":{"start":{"line":150,"column":13},"end":{"line":155,"column":7}},"type":"if","locations":[{"start":{"line":150,"column":13},"end":{"line":155,"column":7}},{"start":{},"end":{}}],"line":150},"15":{"loc":{"start":{"line":151,"column":8},"end":{"line":152,"column":69}},"type":"binary-expr","locations":[{"start":{"line":151,"column":8},"end":{"line":151,"column":47}},{"start":{"line":152,"column":8},"end":{"line":152,"column":69}}],"line":151},"16":{"loc":{"start":{"line":160,"column":4},"end":{"line":162,"column":5}},"type":"if","locations":[{"start":{"line":160,"column":4},"end":{"line":162,"column":5}},{"start":{},"end":{}}],"line":160},"17":{"loc":{"start":{"line":214,"column":4},"end":{"line":217,"column":66}},"type":"cond-expr","locations":[{"start":{"line":215,"column":8},"end":{"line":215,"column":52}},{"start":{"line":216,"column":8},"end":{"line":217,"column":66}}],"line":214},"18":{"loc":{"start":{"line":221,"column":2},"end":{"line":223,"column":3}},"type":"if","locations":[{"start":{"line":221,"column":2},"end":{"line":223,"column":3}},{"start":{},"end":{}}],"line":221},"19":{"loc":{"start":{"line":224,"column":2},"end":{"line":226,"column":3}},"type":"if","locations":[{"start":{"line":224,"column":2},"end":{"line":226,"column":3}},{"start":{},"end":{}}],"line":224},"20":{"loc":{"start":{"line":227,"column":2},"end":{"line":237,"column":3}},"type":"if","locations":[{"start":{"line":227,"column":2},"end":{"line":237,"column":3}},{"start":{"line":231,"column":9},"end":{"line":237,"column":3}}],"line":227},"21":{"loc":{"start":{"line":229,"column":6},"end":{"line":229,"column":74}},"type":"cond-expr","locations":[{"start":{"line":229,"column":39},"end":{"line":229,"column":48}},{"start":{"line":229,"column":51},"end":{"line":229,"column":74}}],"line":229},"22":{"loc":{"start":{"line":231,"column":9},"end":{"line":237,"column":3}},"type":"if","locations":[{"start":{"line":231,"column":9},"end":{"line":237,"column":3}},{"start":{"line":233,"column":9},"end":{"line":237,"column":3}}],"line":231},"23":{"loc":{"start":{"line":233,"column":9},"end":{"line":237,"column":3}},"type":"if","locations":[{"start":{"line":233,"column":9},"end":{"line":237,"column":3}},{"start":{"line":235,"column":9},"end":{"line":237,"column":3}}],"line":233},"24":{"loc":{"start":{"line":249,"column":2},"end":{"line":251,"column":3}},"type":"if","locations":[{"start":{"line":249,"column":2},"end":{"line":251,"column":3}},{"start":{},"end":{}}],"line":249},"25":{"loc":{"start":{"line":267,"column":2},"end":{"line":271,"column":3}},"type":"if","locations":[{"start":{"line":267,"column":2},"end":{"line":271,"column":3}},{"start":{"line":269,"column":9},"end":{"line":271,"column":3}}],"line":267},"26":{"loc":{"start":{"line":269,"column":9},"end":{"line":271,"column":3}},"type":"if","locations":[{"start":{"line":269,"column":9},"end":{"line":271,"column":3}},{"start":{},"end":{}}],"line":269},"27":{"loc":{"start":{"line":283,"column":2},"end":{"line":285,"column":3}},"type":"if","locations":[{"start":{"line":283,"column":2},"end":{"line":285,"column":3}},{"start":{},"end":{}}],"line":283},"28":{"loc":{"start":{"line":286,"column":2},"end":{"line":288,"column":3}},"type":"if","locations":[{"start":{"line":286,"column":2},"end":{"line":288,"column":3}},{"start":{},"end":{}}],"line":286},"29":{"loc":{"start":{"line":307,"column":2},"end":{"line":309,"column":3}},"type":"if","locations":[{"start":{"line":307,"column":2},"end":{"line":309,"column":3}},{"start":{},"end":{}}],"line":307},"30":{"loc":{"start":{"line":310,"column":2},"end":{"line":317,"column":3}},"type":"if","locations":[{"start":{"line":310,"column":2},"end":{"line":317,"column":3}},{"start":{},"end":{}}],"line":310},"31":{"loc":{"start":{"line":311,"column":4},"end":{"line":312,"column":44}},"type":"binary-expr","locations":[{"start":{"line":311,"column":4},"end":{"line":311,"column":44}},{"start":{"line":312,"column":4},"end":{"line":312,"column":44}}],"line":311},"32":{"loc":{"start":{"line":314,"column":4},"end":{"line":316,"column":5}},"type":"if","locations":[{"start":{"line":314,"column":4},"end":{"line":316,"column":5}},{"start":{},"end":{}}],"line":314},"33":{"loc":{"start":{"line":377,"column":2},"end":{"line":380,"column":3}},"type":"if","locations":[{"start":{"line":377,"column":2},"end":{"line":380,"column":3}},{"start":{},"end":{}}],"line":377},"34":{"loc":{"start":{"line":377,"column":6},"end":{"line":377,"column":44}},"type":"binary-expr","locations":[{"start":{"line":377,"column":6},"end":{"line":377,"column":17}},{"start":{"line":377,"column":21},"end":{"line":377,"column":44}}],"line":377},"35":{"loc":{"start":{"line":390,"column":2},"end":{"line":390,"column":40}},"type":"if","locations":[{"start":{"line":390,"column":2},"end":{"line":390,"column":40}},{"start":{},"end":{}}],"line":390},"36":{"loc":{"start":{"line":393,"column":2},"end":{"line":393,"column":26}},"type":"if","locations":[{"start":{"line":393,"column":2},"end":{"line":393,"column":26}},{"start":{},"end":{}}],"line":393},"37":{"loc":{"start":{"line":398,"column":2},"end":{"line":400,"column":3}},"type":"if","locations":[{"start":{"line":398,"column":2},"end":{"line":400,"column":3}},{"start":{},"end":{}}],"line":398},"38":{"loc":{"start":{"line":401,"column":2},"end":{"line":403,"column":3}},"type":"if","locations":[{"start":{"line":401,"column":2},"end":{"line":403,"column":3}},{"start":{},"end":{}}],"line":401},"39":{"loc":{"start":{"line":404,"column":2},"end":{"line":406,"column":3}},"type":"if","locations":[{"start":{"line":404,"column":2},"end":{"line":406,"column":3}},{"start":{},"end":{}}],"line":404},"40":{"loc":{"start":{"line":407,"column":2},"end":{"line":409,"column":3}},"type":"if","locations":[{"start":{"line":407,"column":2},"end":{"line":409,"column":3}},{"start":{},"end":{}}],"line":407},"41":{"loc":{"start":{"line":411,"column":2},"end":{"line":414,"column":3}},"type":"if","locations":[{"start":{"line":411,"column":2},"end":{"line":414,"column":3}},{"start":{},"end":{}}],"line":411},"42":{"loc":{"start":{"line":423,"column":2},"end":{"line":423,"column":40}},"type":"if","locations":[{"start":{"line":423,"column":2},"end":{"line":423,"column":40}},{"start":{},"end":{}}],"line":423},"43":{"loc":{"start":{"line":425,"column":2},"end":{"line":435,"column":3}},"type":"if","locations":[{"start":{"line":425,"column":2},"end":{"line":435,"column":3}},{"start":{},"end":{}}],"line":425},"44":{"loc":{"start":{"line":427,"column":4},"end":{"line":427,"column":28}},"type":"if","locations":[{"start":{"line":427,"column":4},"end":{"line":427,"column":28}},{"start":{},"end":{}}],"line":427},"45":{"loc":{"start":{"line":431,"column":4},"end":{"line":434,"column":5}},"type":"if","locations":[{"start":{"line":431,"column":4},"end":{"line":434,"column":5}},{"start":{},"end":{}}],"line":431},"46":{"loc":{"start":{"line":437,"column":2},"end":{"line":439,"column":3}},"type":"if","locations":[{"start":{"line":437,"column":2},"end":{"line":439,"column":3}},{"start":{},"end":{}}],"line":437},"47":{"loc":{"start":{"line":441,"column":2},"end":{"line":443,"column":3}},"type":"if","locations":[{"start":{"line":441,"column":2},"end":{"line":443,"column":3}},{"start":{},"end":{}}],"line":441},"48":{"loc":{"start":{"line":456,"column":2},"end":{"line":456,"column":41}},"type":"if","locations":[{"start":{"line":456,"column":2},"end":{"line":456,"column":41}},{"start":{},"end":{}}],"line":456},"49":{"loc":{"start":{"line":458,"column":2},"end":{"line":461,"column":3}},"type":"if","locations":[{"start":{"line":458,"column":2},"end":{"line":461,"column":3}},{"start":{},"end":{}}],"line":458},"50":{"loc":{"start":{"line":463,"column":2},"end":{"line":489,"column":3}},"type":"if","locations":[{"start":{"line":463,"column":2},"end":{"line":489,"column":3}},{"start":{},"end":{}}],"line":463},"51":{"loc":{"start":{"line":469,"column":4},"end":{"line":488,"column":5}},"type":"if","locations":[{"start":{"line":469,"column":4},"end":{"line":488,"column":5}},{"start":{"line":472,"column":11},"end":{"line":488,"column":5}}],"line":469},"52":{"loc":{"start":{"line":480,"column":8},"end":{"line":486,"column":9}},"type":"if","locations":[{"start":{"line":480,"column":8},"end":{"line":486,"column":9}},{"start":{},"end":{}}],"line":480}},"s":{"0":89,"1":89,"2":89,"3":89,"4":89,"5":89,"6":89,"7":89,"8":4,"9":4,"10":4,"11":4,"12":3,"13":3,"14":3,"15":3,"16":3,"17":3,"18":3,"19":3,"20":3,"21":3,"22":0,"23":3,"24":13,"25":3,"26":10,"27":3,"28":7,"29":13,"30":49,"31":21,"32":21,"33":105,"34":21,"35":6,"36":21,"37":5,"38":21,"39":4,"40":21,"41":5,"42":5,"43":2,"44":4,"45":2,"46":21,"47":1,"48":21,"49":0,"50":0,"51":0,"52":0,"53":0,"54":0,"55":21,"56":0,"57":21,"58":49,"59":28,"60":3,"61":3,"62":3,"63":3,"64":3,"65":3,"66":3,"67":3,"68":5,"69":4,"70":7,"71":31,"72":31,"73":31,"74":31,"75":31,"76":31,"77":31,"78":1,"79":30,"80":1,"81":29,"82":3,"83":26,"84":6,"85":20,"86":6,"87":14,"88":13,"89":13,"90":13,"91":13,"92":6,"93":7,"94":10,"95":10,"96":10,"97":10,"98":10,"99":10,"100":1,"101":9,"102":2,"103":7,"104":12,"105":12,"106":12,"107":12,"108":1,"109":11,"110":2,"111":9,"112":12,"113":12,"114":12,"115":12,"116":12,"117":12,"118":12,"119":12,"120":6,"121":6,"122":2,"123":2,"124":4,"125":7,"126":7,"127":5,"128":5,"129":5,"130":5,"131":4,"132":4,"133":4,"134":4,"135":10,"136":10,"137":10,"138":3,"139":3,"140":2,"141":0,"142":2,"143":2,"144":0,"145":2,"146":2,"147":2,"148":2,"149":2,"150":0,"151":2,"152":0,"153":2,"154":0,"155":2,"156":2,"157":2,"158":5,"159":1,"160":4,"161":2,"162":2,"163":0,"164":2,"165":2,"166":2,"167":2,"168":4,"169":1,"170":4,"171":1,"172":21,"173":1,"174":1,"175":1,"176":1,"177":21,"178":6,"179":6,"180":1,"181":5,"182":1,"183":1,"184":5,"185":4,"186":4,"187":4,"188":4,"189":4,"190":2,"191":2,"192":2,"193":2,"194":2,"195":2,"196":8,"197":8,"198":3,"199":3,"200":3,"201":5},"f":{"0":89,"1":4,"2":3,"3":13,"4":49,"5":105,"6":4,"7":0,"8":0,"9":3,"10":5,"11":4,"12":7,"13":31,"14":13,"15":10,"16":12,"17":12,"18":7,"19":5,"20":4,"21":10,"22":2,"23":5,"24":1,"25":6,"26":8},"b":{"0":[0,3],"1":[3,10],"2":[13,6],"3":[3,7],"4":[10,3],"5":[21,28],"6":[6,15],"7":[5,16],"8":[4,17],"9":[5,16],"10":[2,3],"11":[1,20],"12":[0,21],"13":[21,0],"14":[0,21],"15":[21,0],"16":[28,21],"17":[12,19],"18":[1,30],"19":[1,29],"20":[3,26],"21":[1,2],"22":[6,20],"23":[6,14],"24":[6,7],"25":[1,9],"26":[2,7],"27":[1,11],"28":[2,9],"29":[6,6],"30":[2,4],"31":[6,6],"32":[2,0],"33":[3,7],"34":[10,10],"35":[0,2],"36":[0,2],"37":[2,0],"38":[0,2],"39":[0,2],"40":[0,2],"41":[2,0],"42":[1,4],"43":[2,2],"44":[0,2],"45":[2,0],"46":[1,3],"47":[1,3],"48":[1,5],"49":[1,4],"50":[4,1],"51":[2,2],"52":[3,5]},"_coverageSchema":"1a1c01bbd47fc00a2c39e90264f33305004495a9","hash":"6296bdd1e1f1c38c49ee4933fc1267c4470c35fc"}
,"G:\\GitHub\\order-summary-frontend-mentor\\js\\utils.js": {"path":"G:\\GitHub\\order-summary-frontend-mentor\\js\\utils.js","statementMap":{"0":{"start":{"line":7,"column":2},"end":{"line":7,"column":28}},"1":{"start":{"line":7,"column":19},"end":{"line":7,"column":28}},"2":{"start":{"line":9,"column":2},"end":{"line":21,"column":14}},"3":{"start":{"line":14,"column":6},"end":{"line":19,"column":18}},"4":{"start":{"line":17,"column":18},"end":{"line":17,"column":78}},"5":{"start":{"line":30,"column":22},"end":{"line":30,"column":32}},"6":{"start":{"line":31,"column":22},"end":{"line":31,"column":47}},"7":{"start":{"line":32,"column":23},"end":{"line":32,"column":49}},"8":{"start":{"line":33,"column":38},"end":{"line":35,"column":32}},"9":{"start":{"line":35,"column":17},"end":{"line":35,"column":31}},"10":{"start":{"line":37,"column":2},"end":{"line":40,"column":3}},"11":{"start":{"line":49,"column":2},"end":{"line":49,"column":28}},"12":{"start":{"line":49,"column":19},"end":{"line":49,"column":28}},"13":{"start":{"line":50,"column":2},"end":{"line":52,"column":3}},"14":{"start":{"line":51,"column":4},"end":{"line":51,"column":76}},"15":{"start":{"line":54,"column":2},"end":{"line":57,"column":14}},"16":{"start":{"line":56,"column":17},"end":{"line":56,"column":35}},"17":{"start":{"line":66,"column":2},"end":{"line":66,"column":28}},"18":{"start":{"line":66,"column":19},"end":{"line":66,"column":28}},"19":{"start":{"line":67,"column":2},"end":{"line":71,"column":3}},"20":{"start":{"line":68,"column":4},"end":{"line":70,"column":5}},"21":{"start":{"line":73,"column":2},"end":{"line":81,"column":13}},"22":{"start":{"line":76,"column":6},"end":{"line":78,"column":7}},"23":{"start":{"line":77,"column":8},"end":{"line":77,"column":33}},"24":{"start":{"line":79,"column":6},"end":{"line":79,"column":67}},"25":{"start":{"line":90,"column":2},"end":{"line":90,"column":30}},"26":{"start":{"line":99,"column":2},"end":{"line":110,"column":14}},"27":{"start":{"line":101,"column":24},"end":{"line":101,"column":49}},"28":{"start":{"line":102,"column":6},"end":{"line":106,"column":7}},"29":{"start":{"line":103,"column":8},"end":{"line":103,"column":27}},"30":{"start":{"line":105,"column":8},"end":{"line":105,"column":28}},"31":{"start":{"line":107,"column":6},"end":{"line":107,"column":19}},"32":{"start":{"line":109,"column":17},"end":{"line":109,"column":30}}},"fnMap":{"0":{"name":"capitalizeText","decl":{"start":{"line":6,"column":16},"end":{"line":6,"column":30}},"loc":{"start":{"line":6,"column":38},"end":{"line":22,"column":1}},"line":6},"1":{"name":"(anonymous_1)","decl":{"start":{"line":13,"column":9},"end":{"line":13,"column":10}},"loc":{"start":{"line":14,"column":6},"end":{"line":19,"column":18}},"line":14},"2":{"name":"(anonymous_2)","decl":{"start":{"line":17,"column":10},"end":{"line":17,"column":11}},"loc":{"start":{"line":17,"column":18},"end":{"line":17,"column":78}},"line":17},"3":{"name":"checkDate","decl":{"start":{"line":29,"column":16},"end":{"line":29,"column":25}},"loc":{"start":{"line":29,"column":33},"end":{"line":41,"column":1}},"line":29},"4":{"name":"(anonymous_4)","decl":{"start":{"line":35,"column":9},"end":{"line":35,"column":10}},"loc":{"start":{"line":35,"column":17},"end":{"line":35,"column":31}},"line":35},"5":{"name":"makeCamelCaseHyphenatedLowercase","decl":{"start":{"line":48,"column":16},"end":{"line":48,"column":48}},"loc":{"start":{"line":48,"column":56},"end":{"line":58,"column":1}},"line":48},"6":{"name":"(anonymous_6)","decl":{"start":{"line":56,"column":9},"end":{"line":56,"column":10}},"loc":{"start":{"line":56,"column":17},"end":{"line":56,"column":35}},"line":56},"7":{"name":"makeHyphenatedLowercaseCamelCase","decl":{"start":{"line":65,"column":16},"end":{"line":65,"column":48}},"loc":{"start":{"line":65,"column":56},"end":{"line":82,"column":1}},"line":65},"8":{"name":"(anonymous_8)","decl":{"start":{"line":75,"column":9},"end":{"line":75,"column":10}},"loc":{"start":{"line":75,"column":26},"end":{"line":80,"column":5}},"line":75},"9":{"name":"isNull","decl":{"start":{"line":89,"column":16},"end":{"line":89,"column":22}},"loc":{"start":{"line":89,"column":38},"end":{"line":91,"column":1}},"line":89},"10":{"name":"formatCardNumber","decl":{"start":{"line":98,"column":16},"end":{"line":98,"column":32}},"loc":{"start":{"line":98,"column":46},"end":{"line":111,"column":1}},"line":98},"11":{"name":"(anonymous_11)","decl":{"start":{"line":100,"column":12},"end":{"line":100,"column":13}},"loc":{"start":{"line":100,"column":30},"end":{"line":108,"column":5}},"line":100},"12":{"name":"(anonymous_12)","decl":{"start":{"line":109,"column":9},"end":{"line":109,"column":10}},"loc":{"start":{"line":109,"column":17},"end":{"line":109,"column":30}},"line":109}},"branchMap":{"0":{"loc":{"start":{"line":7,"column":2},"end":{"line":7,"column":28}},"type":"if","locations":[{"start":{"line":7,"column":2},"end":{"line":7,"column":28}},{"start":{},"end":{}}],"line":7},"1":{"loc":{"start":{"line":38,"column":4},"end":{"line":39,"column":65}},"type":"binary-expr","locations":[{"start":{"line":38,"column":4},"end":{"line":38,"column":29}},{"start":{"line":39,"column":5},"end":{"line":39,"column":32}},{"start":{"line":39,"column":36},"end":{"line":39,"column":64}}],"line":38},"2":{"loc":{"start":{"line":49,"column":2},"end":{"line":49,"column":28}},"type":"if","locations":[{"start":{"line":49,"column":2},"end":{"line":49,"column":28}},{"start":{},"end":{}}],"line":49},"3":{"loc":{"start":{"line":50,"column":2},"end":{"line":52,"column":3}},"type":"if","locations":[{"start":{"line":50,"column":2},"end":{"line":52,"column":3}},{"start":{},"end":{}}],"line":50},"4":{"loc":{"start":{"line":66,"column":2},"end":{"line":66,"column":28}},"type":"if","locations":[{"start":{"line":66,"column":2},"end":{"line":66,"column":28}},{"start":{},"end":{}}],"line":66},"5":{"loc":{"start":{"line":67,"column":2},"end":{"line":71,"column":3}},"type":"if","locations":[{"start":{"line":67,"column":2},"end":{"line":71,"column":3}},{"start":{},"end":{}}],"line":67},"6":{"loc":{"start":{"line":76,"column":6},"end":{"line":78,"column":7}},"type":"if","locations":[{"start":{"line":76,"column":6},"end":{"line":78,"column":7}},{"start":{},"end":{}}],"line":76},"7":{"loc":{"start":{"line":102,"column":6},"end":{"line":106,"column":7}},"type":"if","locations":[{"start":{"line":102,"column":6},"end":{"line":106,"column":7}},{"start":{"line":104,"column":13},"end":{"line":106,"column":7}}],"line":102},"8":{"loc":{"start":{"line":102,"column":10},"end":{"line":102,"column":46}},"type":"binary-expr","locations":[{"start":{"line":102,"column":10},"end":{"line":102,"column":20}},{"start":{"line":102,"column":24},"end":{"line":102,"column":46}}],"line":102}},"s":{"0":21,"1":1,"2":20,"3":28,"4":35,"5":16,"6":16,"7":16,"8":16,"9":31,"10":16,"11":11,"12":1,"13":10,"14":3,"15":7,"16":16,"17":10,"18":1,"19":9,"20":3,"21":6,"22":14,"23":6,"24":8,"25":21,"26":3,"27":25,"28":25,"29":7,"30":18,"31":25,"32":7},"f":{"0":21,"1":28,"2":35,"3":16,"4":31,"5":11,"6":16,"7":10,"8":14,"9":21,"10":3,"11":25,"12":7},"b":{"0":[1,20],"1":[16,13,9],"2":[1,10],"3":[3,7],"4":[1,9],"5":[3,6],"6":[6,8],"7":[7,18],"8":[25,22]},"_coverageSchema":"1a1c01bbd47fc00a2c39e90264f33305004495a9","hash":"0aa2a075ef25a0f4fab565db3d36cd95c87f71e3"}
}
