TN:
SF:js\main.js
FN:14,initDOMElements
FN:39,getSelectedPlan
FN:53,createPlanDetails
FN:79,switchScreen
FN:94,(anonymous_4)
FN:105,(anonymous_5)
FN:121,(anonymous_6)
FN:143,(anonymous_7)
FN:144,(anonymous_8)
FN:169,setMinDate
FN:185,markAsValid
FN:192,markAsInvalid
FN:199,checkValidity
FN:210,checkValue
FN:237,validateCardNumber
FN:252,validateHolderName
FN:268,validateExpiryDate
FN:285,validateCardCode
FN:310,validateForm
FN:323,resetForm
FN:335,createError
FN:359,clearError
FN:374,handleFormInput
FN:407,handleFormChange
FN:431,(anonymous_24)
FN:439,(anonymous_25)
FN:463,(anonymous_26)
FNF:27
FNH:25
FNDA:89,initDOMElements
FNDA:4,getSelectedPlan
FNDA:3,createPlanDetails
FNDA:13,switchScreen
FNDA:49,(anonymous_4)
FNDA:105,(anonymous_5)
FNDA:4,(anonymous_6)
FNDA:0,(anonymous_7)
FNDA:0,(anonymous_8)
FNDA:3,setMinDate
FNDA:5,markAsValid
FNDA:4,markAsInvalid
FNDA:7,checkValidity
FNDA:31,checkValue
FNDA:13,validateCardNumber
FNDA:10,validateHolderName
FNDA:12,validateExpiryDate
FNDA:12,validateCardCode
FNDA:7,validateForm
FNDA:5,resetForm
FNDA:4,createError
FNDA:10,clearError
FNDA:2,handleFormInput
FNDA:5,handleFormChange
FNDA:1,(anonymous_24)
FNDA:6,(anonymous_25)
FNDA:8,(anonymous_26)
DA:15,89
DA:16,89
DA:17,89
DA:18,89
DA:19,89
DA:20,89
DA:21,89
DA:23,89
DA:40,4
DA:41,4
DA:42,4
DA:44,4
DA:54,3
DA:55,3
DA:56,3
DA:57,3
DA:58,3
DA:59,3
DA:63,3
DA:64,3
DA:66,3
DA:68,3
DA:69,0
DA:72,3
DA:80,13
DA:84,3
DA:85,10
DA:89,3
DA:91,7
DA:94,13
DA:95,49
DA:104,21
DA:105,105
DA:107,21
DA:108,6
DA:110,21
DA:111,5
DA:114,21
DA:115,4
DA:118,21
DA:119,5
DA:120,5
DA:121,2
DA:122,4
DA:125,2
DA:129,21
DA:130,1
DA:133,21
DA:137,0
DA:141,0
DA:143,0
DA:144,0
DA:145,0
DA:148,0
DA:150,21
DA:154,0
DA:157,21
DA:160,49
DA:161,28
DA:170,3
DA:171,3
DA:172,3
DA:173,3
DA:174,3
DA:175,3
DA:177,3
DA:178,3
DA:186,5
DA:193,4
DA:200,7
DA:211,31
DA:212,31
DA:213,31
DA:214,31
DA:215,31
DA:216,31
DA:217,1
DA:219,30
DA:220,1
DA:222,29
DA:223,3
DA:224,26
DA:225,6
DA:226,20
DA:227,6
DA:229,14
DA:238,13
DA:239,13
DA:240,13
DA:242,13
DA:243,6
DA:245,7
DA:253,10
DA:254,10
DA:255,10
DA:256,10
DA:257,1
DA:258,9
DA:259,2
DA:261,7
DA:269,12
DA:270,12
DA:271,12
DA:272,12
DA:273,1
DA:275,11
DA:276,2
DA:278,9
DA:286,12
DA:287,12
DA:288,12
DA:289,12
DA:290,12
DA:292,12
DA:293,6
DA:295,6
DA:299,2
DA:300,2
DA:303,4
DA:311,7
DA:317,7
DA:324,5
DA:325,5
DA:326,5
DA:327,5
DA:336,4
DA:337,4
DA:338,4
DA:339,4
DA:360,10
DA:361,10
DA:362,10
DA:363,3
DA:364,3
DA:375,2
DA:376,2
DA:378,2
DA:380,2
DA:381,2
DA:383,2
DA:384,2
DA:386,2
DA:387,0
DA:389,2
DA:390,0
DA:392,2
DA:393,0
DA:396,2
DA:397,2
DA:398,2
DA:408,5
DA:410,4
DA:411,2
DA:412,2
DA:414,2
DA:416,2
DA:417,2
DA:418,2
DA:422,4
DA:423,1
DA:426,4
DA:427,1
DA:431,21
DA:432,1
DA:433,1
DA:435,1
DA:436,1
DA:439,21
DA:440,6
DA:441,6
DA:443,5
DA:444,1
DA:445,1
DA:448,5
DA:449,4
DA:450,4
DA:451,4
DA:452,4
DA:454,4
DA:455,2
DA:456,2
DA:458,2
DA:460,2
DA:461,2
DA:463,2
DA:464,8
DA:465,8
DA:466,3
DA:469,3
DA:470,3
DA:476,5
LF:191
LH:180
BRDA:68,0,0,0
BRDA:68,0,1,3
BRDA:80,1,0,3
BRDA:80,1,1,10
BRDA:81,2,0,13
BRDA:81,2,1,6
BRDA:85,3,0,3
BRDA:85,3,1,7
BRDA:86,4,0,10
BRDA:86,4,1,3
BRDA:95,5,0,21
BRDA:95,5,1,28
BRDA:107,6,0,6
BRDA:107,6,1,15
BRDA:110,7,0,5
BRDA:110,7,1,16
BRDA:114,8,0,4
BRDA:114,8,1,17
BRDA:118,9,0,5
BRDA:118,9,1,16
BRDA:120,10,0,2
BRDA:120,10,1,3
BRDA:129,11,0,1
BRDA:129,11,1,20
BRDA:133,12,0,0
BRDA:133,12,1,21
BRDA:134,13,0,21
BRDA:134,13,1,0
BRDA:150,14,0,0
BRDA:150,14,1,21
BRDA:151,15,0,21
BRDA:151,15,1,0
BRDA:160,16,0,28
BRDA:160,16,1,21
BRDA:216,17,0,1
BRDA:216,17,1,30
BRDA:219,18,0,1
BRDA:219,18,1,29
BRDA:222,19,0,3
BRDA:222,19,1,26
BRDA:224,20,0,6
BRDA:224,20,1,20
BRDA:226,21,0,6
BRDA:226,21,1,14
BRDA:242,22,0,6
BRDA:242,22,1,7
BRDA:256,23,0,1
BRDA:256,23,1,9
BRDA:258,24,0,2
BRDA:258,24,1,7
BRDA:272,25,0,1
BRDA:272,25,1,11
BRDA:275,26,0,2
BRDA:275,26,1,9
BRDA:292,27,0,6
BRDA:292,27,1,6
BRDA:295,28,0,2
BRDA:295,28,1,4
BRDA:296,29,0,6
BRDA:296,29,1,6
BRDA:299,30,0,2
BRDA:299,30,1,0
BRDA:362,31,0,3
BRDA:362,31,1,7
BRDA:362,32,0,10
BRDA:362,32,1,10
BRDA:375,33,0,0
BRDA:375,33,1,2
BRDA:378,34,0,0
BRDA:378,34,1,2
BRDA:383,35,0,2
BRDA:383,35,1,0
BRDA:386,36,0,0
BRDA:386,36,1,2
BRDA:389,37,0,0
BRDA:389,37,1,2
BRDA:392,38,0,0
BRDA:392,38,1,2
BRDA:396,39,0,2
BRDA:396,39,1,0
BRDA:408,40,0,1
BRDA:408,40,1,4
BRDA:410,41,0,2
BRDA:410,41,1,2
BRDA:412,42,0,0
BRDA:412,42,1,2
BRDA:416,43,0,2
BRDA:416,43,1,0
BRDA:422,44,0,1
BRDA:422,44,1,3
BRDA:426,45,0,1
BRDA:426,45,1,3
BRDA:441,46,0,1
BRDA:441,46,1,5
BRDA:443,47,0,1
BRDA:443,47,1,4
BRDA:448,48,0,4
BRDA:448,48,1,1
BRDA:454,49,0,2
BRDA:454,49,1,2
BRDA:465,50,0,3
BRDA:465,50,1,5
BRF:102
BRH:87
end_of_record
TN:
SF:js\utils.js
FN:6,capitalizeText
FN:13,(anonymous_1)
FN:17,(anonymous_2)
FN:29,checkDate
FN:35,(anonymous_4)
FN:48,makeCamelCaseHyphenatedLowercase
FN:56,(anonymous_6)
FN:65,makeHyphenatedLowercaseCamelCase
FN:75,(anonymous_8)
FN:89,isNull
FN:98,formatCardNumber
FN:100,(anonymous_11)
FN:109,(anonymous_12)
FNF:13
FNH:13
FNDA:21,capitalizeText
FNDA:28,(anonymous_1)
FNDA:35,(anonymous_2)
FNDA:16,checkDate
FNDA:31,(anonymous_4)
FNDA:11,makeCamelCaseHyphenatedLowercase
FNDA:16,(anonymous_6)
FNDA:10,makeHyphenatedLowercaseCamelCase
FNDA:14,(anonymous_8)
FNDA:21,isNull
FNDA:3,formatCardNumber
FNDA:25,(anonymous_11)
FNDA:7,(anonymous_12)
DA:7,21
DA:9,20
DA:14,28
DA:17,35
DA:30,16
DA:31,16
DA:32,16
DA:33,16
DA:35,31
DA:37,16
DA:49,11
DA:50,10
DA:51,3
DA:54,7
DA:56,16
DA:66,10
DA:67,9
DA:68,3
DA:73,6
DA:76,14
DA:77,6
DA:79,8
DA:90,21
DA:99,3
DA:101,25
DA:102,25
DA:103,7
DA:105,18
DA:107,25
DA:109,7
LF:30
LH:30
BRDA:7,0,0,1
BRDA:7,0,1,20
BRDA:38,1,0,16
BRDA:38,1,1,13
BRDA:38,1,2,9
BRDA:49,2,0,1
BRDA:49,2,1,10
BRDA:50,3,0,3
BRDA:50,3,1,7
BRDA:66,4,0,1
BRDA:66,4,1,9
BRDA:67,5,0,3
BRDA:67,5,1,6
BRDA:76,6,0,6
BRDA:76,6,1,8
BRDA:102,7,0,7
BRDA:102,7,1,18
BRDA:102,8,0,25
BRDA:102,8,1,22
BRF:19
BRH:19
end_of_record
