TN:
SF:js\main.js
FN:14,initDOMElements
FN:39,getSelectedPlan
FN:53,createPlanDetails
FN:79,switchScreen
FN:94,(anonymous_4)
FN:105,(anonymous_5)
FN:121,(anonymous_6)
FN:143,(anonymous_7)
FN:144,(anonymous_8)
FN:169,setMinDate
FN:185,markAsValid
FN:192,markAsInvalid
FN:199,checkValidity
FN:210,checkValue
FN:244,validateCardNumber
FN:259,validateHolderName
FN:279,validateExpiryDate
FN:296,validateCardCode
FN:325,validateForm
FN:338,resetForm
FN:350,createError
FN:374,clearError
FN:389,handleFormInput
FN:422,handleFormChange
FN:446,(anonymous_24)
FN:454,(anonymous_25)
FN:478,(anonymous_26)
FNF:27
FNH:25
FNDA:89,initDOMElements
FNDA:4,getSelectedPlan
FNDA:3,createPlanDetails
FNDA:13,switchScreen
FNDA:49,(anonymous_4)
FNDA:105,(anonymous_5)
FNDA:4,(anonymous_6)
FNDA:0,(anonymous_7)
FNDA:0,(anonymous_8)
FNDA:3,setMinDate
FNDA:5,markAsValid
FNDA:4,markAsInvalid
FNDA:7,checkValidity
FNDA:31,checkValue
FNDA:13,validateCardNumber
FNDA:10,validateHolderName
FNDA:12,validateExpiryDate
FNDA:12,validateCardCode
FNDA:7,validateForm
FNDA:5,resetForm
FNDA:4,createError
FNDA:10,clearError
FNDA:2,handleFormInput
FNDA:5,handleFormChange
FNDA:1,(anonymous_24)
FNDA:6,(anonymous_25)
FNDA:8,(anonymous_26)
DA:15,89
DA:16,89
DA:17,89
DA:18,89
DA:19,89
DA:20,89
DA:21,89
DA:23,89
DA:40,4
DA:41,4
DA:42,4
DA:44,4
DA:54,3
DA:55,3
DA:56,3
DA:57,3
DA:58,3
DA:59,3
DA:63,3
DA:64,3
DA:66,3
DA:68,3
DA:69,0
DA:72,3
DA:80,13
DA:84,3
DA:85,10
DA:89,3
DA:91,7
DA:94,13
DA:95,49
DA:104,21
DA:105,105
DA:107,21
DA:108,6
DA:110,21
DA:111,5
DA:114,21
DA:115,4
DA:118,21
DA:119,5
DA:120,5
DA:121,2
DA:122,4
DA:125,2
DA:129,21
DA:130,1
DA:133,21
DA:137,0
DA:141,0
DA:143,0
DA:144,0
DA:145,0
DA:148,0
DA:150,21
DA:154,0
DA:157,21
DA:160,49
DA:161,28
DA:170,3
DA:171,3
DA:172,3
DA:173,3
DA:174,3
DA:175,3
DA:177,3
DA:178,3
DA:186,5
DA:193,4
DA:200,7
DA:211,31
DA:212,31
DA:214,31
DA:218,31
DA:219,31
DA:220,31
DA:221,31
DA:222,1
DA:224,30
DA:225,1
DA:227,29
DA:228,3
DA:231,26
DA:232,6
DA:233,20
DA:234,6
DA:236,14
DA:245,13
DA:246,13
DA:247,13
DA:249,13
DA:250,6
DA:252,7
DA:260,10
DA:261,10
DA:262,10
DA:263,10
DA:266,10
DA:267,10
DA:268,1
DA:269,9
DA:270,2
DA:272,7
DA:280,12
DA:281,12
DA:282,12
DA:283,12
DA:284,1
DA:286,11
DA:287,2
DA:289,9
DA:297,12
DA:298,12
DA:299,12
DA:301,12
DA:303,12
DA:304,12
DA:305,12
DA:307,12
DA:308,6
DA:310,6
DA:314,2
DA:315,2
DA:318,4
DA:326,7
DA:332,7
DA:339,5
DA:340,5
DA:341,5
DA:342,5
DA:351,4
DA:352,4
DA:353,4
DA:354,4
DA:375,10
DA:376,10
DA:377,10
DA:378,3
DA:379,3
DA:390,2
DA:391,2
DA:393,2
DA:395,2
DA:396,2
DA:398,2
DA:399,2
DA:401,2
DA:402,0
DA:404,2
DA:405,0
DA:407,2
DA:408,0
DA:411,2
DA:412,2
DA:413,2
DA:423,5
DA:425,4
DA:426,2
DA:427,2
DA:429,2
DA:431,2
DA:432,2
DA:433,2
DA:437,4
DA:438,1
DA:441,4
DA:442,1
DA:446,21
DA:447,1
DA:448,1
DA:450,1
DA:451,1
DA:454,21
DA:455,6
DA:456,6
DA:458,5
DA:459,1
DA:460,1
DA:463,5
DA:464,4
DA:465,4
DA:466,4
DA:467,4
DA:469,4
DA:470,2
DA:471,2
DA:473,2
DA:475,2
DA:476,2
DA:478,2
DA:479,8
DA:480,8
DA:481,3
DA:484,3
DA:485,3
DA:491,5
LF:196
LH:185
BRDA:68,0,0,0
BRDA:68,0,1,3
BRDA:80,1,0,3
BRDA:80,1,1,10
BRDA:81,2,0,13
BRDA:81,2,1,6
BRDA:85,3,0,3
BRDA:85,3,1,7
BRDA:86,4,0,10
BRDA:86,4,1,3
BRDA:95,5,0,21
BRDA:95,5,1,28
BRDA:107,6,0,6
BRDA:107,6,1,15
BRDA:110,7,0,5
BRDA:110,7,1,16
BRDA:114,8,0,4
BRDA:114,8,1,17
BRDA:118,9,0,5
BRDA:118,9,1,16
BRDA:120,10,0,2
BRDA:120,10,1,3
BRDA:129,11,0,1
BRDA:129,11,1,20
BRDA:133,12,0,0
BRDA:133,12,1,21
BRDA:134,13,0,21
BRDA:134,13,1,0
BRDA:150,14,0,0
BRDA:150,14,1,21
BRDA:151,15,0,21
BRDA:151,15,1,0
BRDA:160,16,0,28
BRDA:160,16,1,21
BRDA:214,17,0,12
BRDA:214,17,1,19
BRDA:221,18,0,1
BRDA:221,18,1,30
BRDA:224,19,0,1
BRDA:224,19,1,29
BRDA:227,20,0,3
BRDA:227,20,1,26
BRDA:229,21,0,1
BRDA:229,21,1,2
BRDA:231,22,0,6
BRDA:231,22,1,20
BRDA:233,23,0,6
BRDA:233,23,1,14
BRDA:249,24,0,6
BRDA:249,24,1,7
BRDA:267,25,0,1
BRDA:267,25,1,9
BRDA:269,26,0,2
BRDA:269,26,1,7
BRDA:283,27,0,1
BRDA:283,27,1,11
BRDA:286,28,0,2
BRDA:286,28,1,9
BRDA:307,29,0,6
BRDA:307,29,1,6
BRDA:310,30,0,2
BRDA:310,30,1,4
BRDA:311,31,0,6
BRDA:311,31,1,6
BRDA:314,32,0,2
BRDA:314,32,1,0
BRDA:377,33,0,3
BRDA:377,33,1,7
BRDA:377,34,0,10
BRDA:377,34,1,10
BRDA:390,35,0,0
BRDA:390,35,1,2
BRDA:393,36,0,0
BRDA:393,36,1,2
BRDA:398,37,0,2
BRDA:398,37,1,0
BRDA:401,38,0,0
BRDA:401,38,1,2
BRDA:404,39,0,0
BRDA:404,39,1,2
BRDA:407,40,0,0
BRDA:407,40,1,2
BRDA:411,41,0,2
BRDA:411,41,1,0
BRDA:423,42,0,1
BRDA:423,42,1,4
BRDA:425,43,0,2
BRDA:425,43,1,2
BRDA:427,44,0,0
BRDA:427,44,1,2
BRDA:431,45,0,2
BRDA:431,45,1,0
BRDA:437,46,0,1
BRDA:437,46,1,3
BRDA:441,47,0,1
BRDA:441,47,1,3
BRDA:456,48,0,1
BRDA:456,48,1,5
BRDA:458,49,0,1
BRDA:458,49,1,4
BRDA:463,50,0,4
BRDA:463,50,1,1
BRDA:469,51,0,2
BRDA:469,51,1,2
BRDA:480,52,0,3
BRDA:480,52,1,5
BRF:106
BRH:91
end_of_record
TN:
SF:js\utils.js
FN:6,capitalizeText
FN:13,(anonymous_1)
FN:17,(anonymous_2)
FN:29,checkDate
FN:35,(anonymous_4)
FN:48,makeCamelCaseHyphenatedLowercase
FN:56,(anonymous_6)
FN:65,makeHyphenatedLowercaseCamelCase
FN:75,(anonymous_8)
FN:89,isNull
FN:98,formatCardNumber
FN:100,(anonymous_11)
FN:109,(anonymous_12)
FNF:13
FNH:13
FNDA:21,capitalizeText
FNDA:28,(anonymous_1)
FNDA:35,(anonymous_2)
FNDA:16,checkDate
FNDA:31,(anonymous_4)
FNDA:11,makeCamelCaseHyphenatedLowercase
FNDA:16,(anonymous_6)
FNDA:10,makeHyphenatedLowercaseCamelCase
FNDA:14,(anonymous_8)
FNDA:21,isNull
FNDA:3,formatCardNumber
FNDA:25,(anonymous_11)
FNDA:7,(anonymous_12)
DA:7,21
DA:9,20
DA:14,28
DA:17,35
DA:30,16
DA:31,16
DA:32,16
DA:33,16
DA:35,31
DA:37,16
DA:49,11
DA:50,10
DA:51,3
DA:54,7
DA:56,16
DA:66,10
DA:67,9
DA:68,3
DA:73,6
DA:76,14
DA:77,6
DA:79,8
DA:90,21
DA:99,3
DA:101,25
DA:102,25
DA:103,7
DA:105,18
DA:107,25
DA:109,7
LF:30
LH:30
BRDA:7,0,0,1
BRDA:7,0,1,20
BRDA:38,1,0,16
BRDA:38,1,1,13
BRDA:38,1,2,9
BRDA:49,2,0,1
BRDA:49,2,1,10
BRDA:50,3,0,3
BRDA:50,3,1,7
BRDA:66,4,0,1
BRDA:66,4,1,9
BRDA:67,5,0,3
BRDA:67,5,1,6
BRDA:76,6,0,6
BRDA:76,6,1,8
BRDA:102,7,0,7
BRDA:102,7,1,18
BRDA:102,8,0,25
BRDA:102,8,1,22
BRF:19
BRH:19
end_of_record
